\BOOKMARK [0][]{chapter.1}{1 Resumen Ejecutivo}{}% 1
\BOOKMARK [0][]{chapter.2}{2 L\355nea FEM \(Duvan Henao\) }{}% 2
\BOOKMARK [1][]{section.2.1}{2.1 Resumen}{chapter.2}% 3
\BOOKMARK [1][]{section.2.2}{2.2 El Modelo}{chapter.2}% 4
\BOOKMARK [1][]{section.2.3}{2.3 Descripci\363n Software}{chapter.2}% 5
\BOOKMARK [1][]{section.2.4}{2.4 Casos de estudio}{chapter.2}% 6
\BOOKMARK [2][]{subsection.2.4.1}{2.4.1 Caso Pilar Norte}{section.2.4}% 7
\BOOKMARK [2][]{subsection.2.4.2}{2.4.2 Caso Esemeralda}{section.2.4}% 8
\BOOKMARK [1][]{section.2.5}{2.5 Resultados Generales}{chapter.2}% 9
\BOOKMARK [1][]{section.2.6}{2.6 Extensiones futura}{chapter.2}% 10
\BOOKMARK [1][]{section.2.7}{2.7 Manual de Uso}{chapter.2}% 11
\BOOKMARK [0][]{chapter.3}{3 L\355nea FEM \(Roger Bustamante\)}{}% 12
\BOOKMARK [1][]{section.3.1}{3.1 Resumen}{chapter.3}% 13
\BOOKMARK [1][]{section.3.2}{3.2 El Modelo}{chapter.3}% 14
\BOOKMARK [1][]{section.3.3}{3.3 Descripci\363n Software}{chapter.3}% 15
\BOOKMARK [1][]{section.3.4}{3.4 Casos de estudio}{chapter.3}% 16
\BOOKMARK [2][]{subsection.3.4.1}{3.4.1 Caso Pilar Norte}{section.3.4}% 17
\BOOKMARK [2][]{subsection.3.4.2}{3.4.2 Caso Esemeralda}{section.3.4}% 18
\BOOKMARK [1][]{section.3.5}{3.5 Resultados Generales}{chapter.3}% 19
\BOOKMARK [1][]{section.3.6}{3.6 Extensiones futura}{chapter.3}% 20
\BOOKMARK [1][]{section.3.7}{3.7 Manual de Uso}{chapter.3}% 21
\BOOKMARK [0][]{chapter.4}{4 Linea Time Reversal \(Matias Courdurier. Leonardo Jofr\351\)}{}% 22
\BOOKMARK [1][]{section.4.1}{4.1 Resumen Estimaci\363n y Clasificaci\363n de Fuentes}{chapter.4}% 23
\BOOKMARK [1][]{section.4.2}{4.2 Casos de Estudio}{chapter.4}% 24
\BOOKMARK [2][]{subsection.4.2.1}{4.2.1 Estimaci\363n de las Fuentes}{section.4.2}% 25
\BOOKMARK [2][]{subsection.4.2.2}{4.2.2 Input}{section.4.2}% 26
\BOOKMARK [2][]{subsection.4.2.3}{4.2.3 Output}{section.4.2}% 27
\BOOKMARK [1][]{section.4.3}{4.3 Test de Reconstrucci\363n de Fuentes}{chapter.4}% 28
\BOOKMARK [2][]{subsection.4.3.1}{4.3.1 Clasificaci\363n de las Fuentes}{section.4.3}% 29
\BOOKMARK [2][]{subsection.4.3.2}{4.3.2 Output}{section.4.3}% 30
\BOOKMARK [1][]{section.4.4}{4.4 Conclusi\363n Estimaci\363n y Clasificaci\363n de Fuentes}{chapter.4}% 31
\BOOKMARK [1][]{section.4.5}{4.5 Resumen Time-reversal}{chapter.4}% 32
\BOOKMARK [1][]{section.4.6}{4.6 Casos de Estudio}{chapter.4}% 33
\BOOKMARK [2][]{subsection.4.6.1}{4.6.1 Input}{section.4.6}% 34
\BOOKMARK [2][]{subsection.4.6.2}{4.6.2 Output}{section.4.6}% 35
\BOOKMARK [1][]{section.4.7}{4.7 Conclusiones en Time Reversal}{chapter.4}% 36
\BOOKMARK [1][]{section.4.8}{4.8 Modelos}{chapter.4}% 37
\BOOKMARK [2][]{subsection.4.8.1}{4.8.1 Ecuaci\363n de Ondas El\341stica}{section.4.8}% 38
\BOOKMARK [2][]{subsection.4.8.2}{4.8.2 Modelo de Time-Reversal}{section.4.8}% 39
\BOOKMARK [2][]{subsection.4.8.3}{4.8.3 Estimaci\363n de Fuentes Utilizando M\355nimos Cuadrados.}{section.4.8}% 40
\BOOKMARK [2][]{subsection.4.8.4}{4.8.4 Clasificaci\363n de Fuentes Reconstruidas.}{section.4.8}% 41
\BOOKMARK [1][]{section.4.9}{4.9 Descripci\363n del Software}{chapter.4}% 42
\BOOKMARK [2][]{subsection.4.9.1}{4.9.1 Clases}{section.4.9}% 43
\BOOKMARK [2][]{subsection.4.9.2}{4.9.2 Funciones principales}{section.4.9}% 44
\BOOKMARK [2][]{subsection.4.9.3}{4.9.3 Otras funciones}{section.4.9}% 45
\BOOKMARK [1][]{section.4.10}{4.10 Manual de Uso}{chapter.4}% 46
\BOOKMARK [2][]{subsection.4.10.1}{4.10.1 Importar desde los set de datos}{section.4.10}% 47
\BOOKMARK [2][]{subsection.4.10.2}{4.10.2 Importar informaci\363n a los objetos matlab}{section.4.10}% 48
\BOOKMARK [2][]{subsection.4.10.3}{4.10.3 Construcci\363n de las fuentes para cada evento }{section.4.10}% 49
\BOOKMARK [2][]{subsection.4.10.4}{4.10.4 Rotar una se\361al filtrada para conocer el tipo de fuente}{section.4.10}% 50
\BOOKMARK [0][]{chapter.5}{5 Linea Sismica}{}% 51
\BOOKMARK [1][]{section.5.1}{5.1 Resumen}{chapter.5}% 52
\BOOKMARK [1][]{section.5.2}{5.2 El Modelo}{chapter.5}% 53
\BOOKMARK [1][]{section.5.3}{5.3 Descripci\363n Software}{chapter.5}% 54
\BOOKMARK [1][]{section.5.4}{5.4 Casos de estudio}{chapter.5}% 55
\BOOKMARK [2][]{subsection.5.4.1}{5.4.1 Caso Pilar Norte}{section.5.4}% 56
\BOOKMARK [2][]{subsection.5.4.2}{5.4.2 Caso Esemeralda}{section.5.4}% 57
\BOOKMARK [1][]{section.5.5}{5.5 Resultados Generales}{chapter.5}% 58
\BOOKMARK [1][]{section.5.6}{5.6 Extensiones futura}{chapter.5}% 59
\BOOKMARK [1][]{section.5.7}{5.7 Manual de Uso}{chapter.5}% 60
\BOOKMARK [0][]{chapter.6}{6 Linea DEM }{}% 61
\BOOKMARK [1][]{section.6.1}{6.1 Resumen}{chapter.6}% 62
\BOOKMARK [1][]{section.6.2}{6.2 El Modelo}{chapter.6}% 63
\BOOKMARK [1][]{section.6.3}{6.3 Descripci\363n Software}{chapter.6}% 64
\BOOKMARK [1][]{section.6.4}{6.4 Casos de estudio}{chapter.6}% 65
\BOOKMARK [2][]{subsection.6.4.1}{6.4.1 Caso Pilar Norte}{section.6.4}% 66
\BOOKMARK [2][]{subsection.6.4.2}{6.4.2 Caso Esemeralda}{section.6.4}% 67
\BOOKMARK [1][]{section.6.5}{6.5 Resultados Generales}{chapter.6}% 68
\BOOKMARK [1][]{section.6.6}{6.6 Extensiones futura}{chapter.6}% 69
\BOOKMARK [1][]{section.6.7}{6.7 Manual de Uso}{chapter.6}% 70
\BOOKMARK [0][]{chapter.7}{7 Linea Geom\351trica \(CME3D\) }{}% 71
\BOOKMARK [1][]{section.7.1}{7.1 Resumen}{chapter.7}% 72
\BOOKMARK [1][]{section.7.2}{7.2 El Modelo}{chapter.7}% 73
\BOOKMARK [1][]{section.7.3}{7.3 Descripci\363n Software}{chapter.7}% 74
\BOOKMARK [1][]{section.7.4}{7.4 Casos de estudio}{chapter.7}% 75
\BOOKMARK [2][]{subsection.7.4.1}{7.4.1 Caso Pilar Norte}{section.7.4}% 76
\BOOKMARK [2][]{subsection.7.4.2}{7.4.2 Caso Esemeralda}{section.7.4}% 77
\BOOKMARK [1][]{section.7.5}{7.5 Resultados Generales}{chapter.7}% 78
\BOOKMARK [1][]{section.7.6}{7.6 Extensiones futura}{chapter.7}% 79
\BOOKMARK [1][]{section.7.7}{7.7 Manual de uso}{chapter.7}% 80
\BOOKMARK [0][]{chapter.8}{8 Bibliograf\355a}{}% 81
