This is pdfTeX, Version 3.1415926-1.40.11 (MiKTeX 2.9) (preloaded format=pdflatex 2011.10.6)  22 NOV 2012 15:16
entering extended mode
**mmgeo_tmp.tex

("C:\Users\Matias\Desktop\Dropbox\Universidad de Chile\project\ReportFinal - ma
tias\mmgeo_tmp.tex"
LaTeX2e <2009/09/24>
Babel <v3.8l> and hyphenation patterns for english, afrikaans, ancientgreek, ar
abic, armenian, assamese, basque, bengali, bokmal, bulgarian, catalan, coptic, 
croatian, czech, danish, dutch, esperanto, estonian, farsi, finnish, french, ga
lician, german, german-x-2009-06-19, greek, gujarati, hindi, hungarian, iceland
ic, indonesian, interlingua, irish, italian, kannada, kurmanji, lao, latin, lat
vian, lithuanian, malayalam, marathi, mongolian, mongolianlmc, monogreek, ngerm
an, ngerman-x-2009-06-19, nynorsk, oriya, panjabi, pinyin, polish, portuguese, 
romanian, russian, sanskrit, serbian, slovak, slovenian, spanish, swedish, swis
sgerman, tamil, telugu, turkish, turkmen, ukenglish, ukrainian, uppersorbian, u
senglishmax, welsh, loaded.
("C:\Program Files (x86)\utilities\MiKTeX 2.9\tex\latex\base\report.cls"
Document Class: report 2007/10/19 v1.4h Standard LaTeX document class
("C:\Program Files (x86)\utilities\MiKTeX 2.9\tex\latex\base\size11.clo"
File: size11.clo 2007/10/19 v1.4h Standard LaTeX file (size option)
)
\c@part=\count79
\c@chapter=\count80
\c@section=\count81
\c@subsection=\count82
\c@subsubsection=\count83
\c@paragraph=\count84
\c@subparagraph=\count85
\c@figure=\count86
\c@table=\count87
\abovecaptionskip=\skip41
\belowcaptionskip=\skip42
\bibindent=\dimen102
)
("C:\Program Files (x86)\utilities\MiKTeX 2.9\tex\latex\dstroke\dsfont.sty"
Package: dsfont 1995/08/01 v0.1 Double stroke roman fonts
)
("C:\Program Files (x86)\utilities\MiKTeX 2.9\tex\latex\base\inputenc.sty"
Package: inputenc 2008/03/30 v1.1d Input encoding file
\inpenc@prehook=\toks14
\inpenc@posthook=\toks15

("C:\Program Files (x86)\utilities\MiKTeX 2.9\tex\latex\unicode\utf8x.def"
File: utf8x.def 2004/10/17 UCS: Input encoding UTF-8
))
("C:\Program Files (x86)\utilities\MiKTeX 2.9\tex\latex\unicode\ucs.sty"
Package: ucs 2004/10/17 UCS: Unicode input support

("C:\Program Files (x86)\utilities\MiKTeX 2.9\tex\latex\unicode\data\uni-global
.def"
File: uni-global.def 2004/10/17 UCS: Unicode global data
)
\uc@secondtry=\count88
\uc@combtoks=\toks16
\uc@combtoksb=\toks17
\uc@temptokena=\toks18
)
("C:\Program Files (x86)\utilities\MiKTeX 2.9\tex\generic\babel\babel.sty"
Package: babel 2008/07/06 v3.8l The Babel package

*************************************
* Local config file bblopts.cfg used
*
("C:\Program Files (x86)\utilities\MiKTeX 2.9\tex\latex\00miktex\bblopts.cfg"
File: bblopts.cfg 2006/07/31 v1.0 MiKTeX 'babel' configuration
)
("C:\Program Files (x86)\utilities\MiKTeX 2.9\tex\generic\babel\spanish.ldf"
Language: spanish.ldf 2009/01/02 v5.0h Spanish support from the babel system

("C:\Program Files (x86)\utilities\MiKTeX 2.9\tex\generic\babel\babel.def"
File: babel.def 2008/07/06 v3.8l Babel common definitions
\babel@savecnt=\count89
\U@D=\dimen103
)
\es@datefmt=\count90
\es@quottoks=\toks19
\es@quotdepth=\count91
Package babel Info: Making " an active character on input line 492.
Package babel Info: Making . an active character on input line 585.
Package babel Info: Making < an active character on input line 630.
Package babel Info: Making > an active character on input line 630.
Package babel Info: Making ' an active character on input line 657.
))
("C:\Program Files (x86)\utilities\MiKTeX 2.9\tex\latex\base\latexsym.sty"
Package: latexsym 1998/08/17 v2.2e Standard LaTeX package (lasy symbols)
\symlasy=\mathgroup4
LaTeX Font Info:    Overwriting symbol font `lasy' in version `bold'
(Font)                  U/lasy/m/n --> U/lasy/b/n on input line 47.
)
("C:\Program Files (x86)\utilities\MiKTeX 2.9\tex\latex\amsfonts\amssymb.sty"
Package: amssymb 2009/06/22 v3.00

("C:\Program Files (x86)\utilities\MiKTeX 2.9\tex\latex\amsfonts\amsfonts.sty"
Package: amsfonts 2009/06/22 v3.00 Basic AMSFonts support
\@emptytoks=\toks20
\symAMSa=\mathgroup5
\symAMSb=\mathgroup6
LaTeX Font Info:    Overwriting math alphabet `\mathfrak' in version `bold'
(Font)                  U/euf/m/n --> U/euf/b/n on input line 96.
)) ("C:\Program Files (x86)\utilities\MiKTeX 2.9\tex\latex\float\float.sty"
Package: float 2001/11/08 v1.3d Float enhancements (AL)
\c@float@type=\count92
\float@exts=\toks21
\float@box=\box26
\@float@everytoks=\toks22
\@floatcapt=\box27
)
("C:\Program Files (x86)\utilities\MiKTeX 2.9\tex\latex\caption\caption.sty"
Package: caption 2011/08/18 v3.2b Customizing captions (AR)

("C:\Program Files (x86)\utilities\MiKTeX 2.9\tex\latex\caption\caption3.sty"
Package: caption3 2011/08/18 v1.3b caption3 kernel (AR)

("C:\Program Files (x86)\utilities\MiKTeX 2.9\tex\latex\graphics\keyval.sty"
Package: keyval 1999/03/16 v1.13 key=value parser (DPC)
\KV@toks@=\toks23
)
\captionmargin=\dimen104
\captionmargin@=\dimen105
\captionwidth=\dimen106
\caption@indent=\dimen107
\caption@parindent=\dimen108
\caption@hangindent=\dimen109
)
\c@ContinuedFloat=\count93
Package caption Info: float package is loaded.
) ("C:\Program Files (x86)\utilities\MiKTeX 2.9\tex\latex\graphics\graphicx.sty
"
Package: graphicx 1999/02/16 v1.0f Enhanced LaTeX Graphics (DPC,SPQR)
("C:\Program Files (x86)\utilities\MiKTeX 2.9\tex\latex\graphics\graphics.sty"
Package: graphics 2009/02/05 v1.0o Standard LaTeX Graphics (DPC,SPQR)

("C:\Program Files (x86)\utilities\MiKTeX 2.9\tex\latex\graphics\trig.sty"
Package: trig 1999/03/16 v1.09 sin cos tan (DPC)
)
("C:\Program Files (x86)\utilities\MiKTeX 2.9\tex\latex\00miktex\graphics.cfg"
File: graphics.cfg 2007/01/18 v1.5 graphics configuration of teTeX/TeXLive
)
Package graphics Info: Driver file: pdftex.def on input line 91.
("C:\Program Files (x86)\utilities\MiKTeX 2.9\tex\latex\pdftex-def\pdftex.def"
File: pdftex.def 2011/01/28 v0.05d Graphics/color for pdfTeX
\Gread@gobject=\count94
))
\Gin@req@height=\dimen110
\Gin@req@width=\dimen111
) ("C:\Program Files (x86)\utilities\MiKTeX 2.9\tex\latex\oberdiek\epstopdf.sty
"
Package: epstopdf 2010/02/09 v2.5 Conversion with epstopdf on the fly (HO)

("C:\Program Files (x86)\utilities\MiKTeX 2.9\tex\latex\oberdiek\epstopdf-base.
sty"
Package: epstopdf-base 2010/02/09 v2.5 Base part for package epstopdf

("C:\Program Files (x86)\utilities\MiKTeX 2.9\tex\generic\oberdiek\infwarerr.st
y"
Package: infwarerr 2010/04/08 v1.3 Providing info/warning/message (HO)
) ("C:\Program Files (x86)\utilities\MiKTeX 2.9\tex\latex\oberdiek\grfext.sty"
Package: grfext 2007/09/30 v1.0 Managing graphics extensions (HO)
)
("C:\Program Files (x86)\utilities\MiKTeX 2.9\tex\latex\oberdiek\kvoptions.sty"
Package: kvoptions 2010/02/22 v3.7 Keyval support for LaTeX options (HO)

("C:\Program Files (x86)\utilities\MiKTeX 2.9\tex\generic\oberdiek\kvsetkeys.st
y"
Package: kvsetkeys 2010/03/01 v1.9 Key value parser (HO)

("C:\Program Files (x86)\utilities\MiKTeX 2.9\tex\generic\oberdiek\etexcmds.sty
"
Package: etexcmds 2010/01/28 v1.3 Prefix for e-TeX command names (HO)
Package etexcmds Info: Could not find \expanded.
(etexcmds)             That can mean that you are not using pdfTeX 1.50 or
(etexcmds)             that some package has redefined \expanded.
(etexcmds)             In the latter case, load this package earlier.
)))
("C:\Program Files (x86)\utilities\MiKTeX 2.9\tex\generic\oberdiek\pdftexcmds.s
ty"
Package: pdftexcmds 2010/04/01 v0.9 Utility functions of pdfTeX for LuaTeX (HO)


("C:\Program Files (x86)\utilities\MiKTeX 2.9\tex\generic\oberdiek\ifluatex.sty
"
Package: ifluatex 2010/03/01 v1.3 Provides the ifluatex switch (HO)
Package ifluatex Info: LuaTeX not detected.
)
("C:\Program Files (x86)\utilities\MiKTeX 2.9\tex\generic\oberdiek\ltxcmds.sty"
Package: ltxcmds 2010/04/26 v1.7 LaTeX kernel commands for general use (HO)
)
Package pdftexcmds Info: LuaTeX not detected.
Package pdftexcmds Info: \pdf@primitive is available.
Package pdftexcmds Info: \pdf@ifprimitive is available.
)
Package grfext Info: Graphics extension search list:
(grfext)             [.png,.pdf,.jpg,.mps,.jpeg,.jbig2,.jb2,.PNG,.PDF,.JPG,.JPE
G,.JBIG2,.JB2,.eps]
(grfext)             \AppendGraphicsExtensions on input line 436.
))
("C:\Program Files (x86)\utilities\MiKTeX 2.9\tex\latex\tocbibind\tocbibind.sty
"
Package: tocbibind 2010/10/13 v1.5k extra ToC listings
Package tocbibind Info: The document has chapter divisions on input line 50.


Package tocbibind Note: Using chapter style headings, unless overridden.

) ("C:\Program Files (x86)\utilities\MiKTeX 2.9\tex\latex\sectsty\sectsty.sty"
Package: sectsty 2002/02/25 v2.0.2 Commands to change all sectional heading sty
les
) ("C:\Program Files (x86)\utilities\MiKTeX 2.9\tex\latex\titlesec\titlesec.sty
"
Package: titlesec 2011/08/28 v2.9.1 Sectioning titles
\ttl@box=\box28
\beforetitleunit=\skip43
\aftertitleunit=\skip44
\ttl@plus=\dimen112
\ttl@minus=\dimen113
\ttl@toksa=\toks24
\titlewidth=\dimen114
\titlewidthlast=\dimen115
\titlewidthfirst=\dimen116
) ("C:\Program Files (x86)\utilities\MiKTeX 2.9\tex\latex\graphics\lscape.sty"
Package: lscape 2000/10/22 v3.01 Landscape Pages (DPC)
) ("C:\Program Files (x86)\utilities\MiKTeX 2.9\tex\latex\subfig\subfig.sty"
Package: subfig 2005/06/28 ver: 1.3 subfig package
\c@KVtest=\count95
\sf@farskip=\skip45
\sf@captopadj=\dimen117
\sf@capskip=\skip46
\sf@nearskip=\skip47
\c@subfigure=\count96
\c@subfigure@save=\count97
\c@lofdepth=\count98
\c@subtable=\count99
\c@subtable@save=\count100
\c@lotdepth=\count101
\sf@top=\skip48
\sf@bottom=\skip49
)
("C:\Program Files (x86)\utilities\MiKTeX 2.9\tex\latex\hyperref\hyperref.sty"
Package: hyperref 2011/03/09 v6.82d Hypertext links for LaTeX

("C:\Program Files (x86)\utilities\MiKTeX 2.9\tex\generic\oberdiek\ifpdf.sty"
Package: ifpdf 2010/01/28 v2.1 Provides the ifpdf switch (HO)
Package ifpdf Info: pdfTeX in pdf mode detected.
)
("C:\Program Files (x86)\utilities\MiKTeX 2.9\tex\generic\oberdiek\pdfescape.st
y"
Package: pdfescape 2010/03/01 v1.9 Provides hex, PDF name and string conversion
s (HO)
)
("C:\Program Files (x86)\utilities\MiKTeX 2.9\tex\generic\oberdiek\ifvtex.sty"
Package: ifvtex 2010/03/01 v1.5 Switches for detecting VTeX and its modes (HO)
Package ifvtex Info: VTeX not detected.
) ("C:\Program Files (x86)\utilities\MiKTeX 2.9\tex\generic\ifxetex\ifxetex.sty
"
Package: ifxetex 2010/09/12 v0.6 Provides ifxetex conditional
) ("C:\Program Files (x86)\utilities\MiKTeX 2.9\tex\latex\oberdiek\hycolor.sty"
Package: hycolor 2009/12/12 v1.6 Color options of hyperref/bookmark (HO)

("C:\Program Files (x86)\utilities\MiKTeX 2.9\tex\latex\oberdiek\xcolor-patch.s
ty"
Package: xcolor-patch 2009/12/12 xcolor patch
))
("C:\Program Files (x86)\utilities\MiKTeX 2.9\tex\latex\oberdiek\letltxmacro.st
y"
Package: letltxmacro 2008/06/24 v1.3 Let assignment for LaTeX macros (HO)
)
\@linkdim=\dimen118
\Hy@linkcounter=\count102
\Hy@pagecounter=\count103
 ("C:\Program Files (x86)\utilities\MiKTeX 2.9\tex\latex\hyperref\pd1enc.def"
File: pd1enc.def 2011/03/09 v6.82d Hyperref: PDFDocEncoding definition (HO)
)
("C:\Program Files (x86)\utilities\MiKTeX 2.9\tex\generic\oberdiek\intcalc.sty"
Package: intcalc 2007/09/27 v1.1 Expandable integer calculations (HO)
)
\Hy@SavedSpaceFactor=\count104
 ("C:\Program Files (x86)\utilities\MiKTeX 2.9\tex\latex\00miktex\hyperref.cfg"
File: hyperref.cfg 2002/06/06 v1.2 hyperref configuration of TeXLive
)
Package hyperref Info: Option `colorlinks' set `true' on input line 3921.
Package hyperref Info: Option `bookmarksnumbered' set `true' on input line 3921
.
Package hyperref Info: Option `bookmarksopen' set `true' on input line 3921.
Package hyperref Info: Option `plainpages' set `false' on input line 3921.
Package hyperref Info: Hyper figures OFF on input line 4025.
Package hyperref Info: Link nesting OFF on input line 4030.
Package hyperref Info: Hyper index ON on input line 4033.
Package hyperref Info: Plain pages OFF on input line 4040.
Package hyperref Info: Backreferencing OFF on input line 4045.
Package hyperref Info: Implicit mode ON; LaTeX internals redefined.
Package hyperref Info: Bookmarks ON on input line 4263.
\c@Hy@tempcnt=\count105
 ("C:\Program Files (x86)\utilities\MiKTeX 2.9\tex\latex\ltxmisc\url.sty"
\Urlmuskip=\muskip10
Package: url 2006/04/12  ver 3.3  Verb mode for urls, etc.
)
LaTeX Info: Redefining \url on input line 4616.

("C:\Program Files (x86)\utilities\MiKTeX 2.9\tex\generic\oberdiek\bitset.sty"
Package: bitset 2007/09/28 v1.0 Data type bit set (HO)

("C:\Program Files (x86)\utilities\MiKTeX 2.9\tex\generic\oberdiek\bigintcalc.s
ty"
Package: bigintcalc 2007/11/11 v1.1 Expandable big integer calculations (HO)
))
\Fld@menulength=\count106
\Field@Width=\dimen119
\Fld@charsize=\dimen120
Package hyperref Info: Hyper figures OFF on input line 5700.
Package hyperref Info: Link nesting OFF on input line 5705.
Package hyperref Info: Hyper index ON on input line 5708.
Package hyperref Info: backreferencing OFF on input line 5715.
Package hyperref Info: Link coloring ON on input line 5718.
Package hyperref Info: Link coloring with OCG OFF on input line 5725.
Package hyperref Info: PDF/A mode OFF on input line 5730.
LaTeX Info: Redefining \ref on input line 5770.
LaTeX Info: Redefining \pageref on input line 5774.

("C:\Program Files (x86)\utilities\MiKTeX 2.9\tex\generic\oberdiek\atbegshi.sty
"
Package: atbegshi 2010/03/25 v1.12 At begin shipout hook (HO)
)
\Hy@abspage=\count107
\c@Item=\count108
\c@Hfootnote=\count109
)

Package hyperref Message: Driver: hpdftex.

("C:\Program Files (x86)\utilities\MiKTeX 2.9\tex\latex\hyperref\hpdftex.def"
File: hpdftex.def 2011/03/09 v6.82d Hyperref driver for pdfTeX

("C:\Program Files (x86)\utilities\MiKTeX 2.9\tex\latex\oberdiek\atveryend.sty"
Package: atveryend 2010/03/24 v1.5 Hooks at very end of document (HO)
Package atveryend Info: \enddocument detected (standard).
)
\Fld@listcount=\count110
\c@bookmark@seq@number=\count111

("C:\Program Files (x86)\utilities\MiKTeX 2.9\tex\latex\oberdiek\rerunfilecheck
.sty"
Package: rerunfilecheck 2010/03/16 v1.6 Rerun checks for auxiliary files (HO)

("C:\Program Files (x86)\utilities\MiKTeX 2.9\tex\generic\oberdiek\uniquecounte
r.sty"
Package: uniquecounter 2009/12/18 v1.1 Provides unlimited unique counter (HO)
)
Package uniquecounter Info: New unique counter `rerunfilecheck' on input line 2
71.
)
\Hy@SectionHShift=\skip50
)
("C:\Program Files (x86)\utilities\MiKTeX 2.9\tex\latex\ams\math\amsmath.sty"
Package: amsmath 2000/07/18 v2.13 AMS math features
\@mathmargin=\skip51

For additional information on amsmath, use the `?' option.
("C:\Program Files (x86)\utilities\MiKTeX 2.9\tex\latex\ams\math\amstext.sty"
Package: amstext 2000/06/29 v2.01

("C:\Program Files (x86)\utilities\MiKTeX 2.9\tex\latex\ams\math\amsgen.sty"
File: amsgen.sty 1999/11/30 v2.0
\@emptytoks=\toks25
\ex@=\dimen121
))
("C:\Program Files (x86)\utilities\MiKTeX 2.9\tex\latex\ams\math\amsbsy.sty"
Package: amsbsy 1999/11/29 v1.2d
\pmbraise@=\dimen122
)
("C:\Program Files (x86)\utilities\MiKTeX 2.9\tex\latex\ams\math\amsopn.sty"
Package: amsopn 1999/12/14 v2.01 operator names
)
\inf@bad=\count112
LaTeX Info: Redefining \frac on input line 211.
\uproot@=\count113
\leftroot@=\count114
LaTeX Info: Redefining \overline on input line 307.
\classnum@=\count115
\DOTSCASE@=\count116
LaTeX Info: Redefining \ldots on input line 379.
LaTeX Info: Redefining \dots on input line 382.
LaTeX Info: Redefining \cdots on input line 467.
\Mathstrutbox@=\box29
\strutbox@=\box30
\big@size=\dimen123
LaTeX Font Info:    Redeclaring font encoding OML on input line 567.
LaTeX Font Info:    Redeclaring font encoding OMS on input line 568.
\macc@depth=\count117
\c@MaxMatrixCols=\count118
\dotsspace@=\muskip11
\c@parentequation=\count119
\dspbrk@lvl=\count120
\tag@help=\toks26
\row@=\count121
\column@=\count122
\maxfields@=\count123
\andhelp@=\toks27
\eqnshift@=\dimen124
\alignsep@=\dimen125
\tagshift@=\dimen126
\tagwidth@=\dimen127
\totwidth@=\dimen128
\lineht@=\dimen129
\@envbody=\toks28
\multlinegap=\skip52
\multlinetaggap=\skip53
\mathdisplay@stack=\toks29
LaTeX Info: Redefining \[ on input line 2666.
LaTeX Info: Redefining \] on input line 2667.
)
("C:\Program Files (x86)\utilities\MiKTeX 2.9\tex\latex\base\textcomp.sty"
Package: textcomp 2005/09/27 v1.99g Standard LaTeX package
Package textcomp Info: Sub-encoding information:
(textcomp)               5 = only ISO-Adobe without \textcurrency
(textcomp)               4 = 5 + \texteuro
(textcomp)               3 = 4 + \textohm
(textcomp)               2 = 3 + \textestimated + \textcurrency
(textcomp)               1 = TS1 - \textcircled - \t
(textcomp)               0 = TS1 (full)
(textcomp)             Font families with sub-encoding setting implement
(textcomp)             only a restricted character set as indicated.
(textcomp)             Family '?' is the default used for unknown fonts.
(textcomp)             See the documentation for details.
Package textcomp Info: Setting ? sub-encoding to TS1/1 on input line 71.

("C:\Program Files (x86)\utilities\MiKTeX 2.9\tex\latex\base\ts1enc.def"
File: ts1enc.def 2001/06/05 v3.0e (jk/car/fm) Standard LaTeX file
)
LaTeX Info: Redefining \oldstylenums on input line 266.
Package textcomp Info: Setting cmr sub-encoding to TS1/0 on input line 281.
Package textcomp Info: Setting cmss sub-encoding to TS1/0 on input line 282.
Package textcomp Info: Setting cmtt sub-encoding to TS1/0 on input line 283.
Package textcomp Info: Setting cmvtt sub-encoding to TS1/0 on input line 284.
Package textcomp Info: Setting cmbr sub-encoding to TS1/0 on input line 285.
Package textcomp Info: Setting cmtl sub-encoding to TS1/0 on input line 286.
Package textcomp Info: Setting ccr sub-encoding to TS1/0 on input line 287.
Package textcomp Info: Setting ptm sub-encoding to TS1/4 on input line 288.
Package textcomp Info: Setting pcr sub-encoding to TS1/4 on input line 289.
Package textcomp Info: Setting phv sub-encoding to TS1/4 on input line 290.
Package textcomp Info: Setting ppl sub-encoding to TS1/3 on input line 291.
Package textcomp Info: Setting pag sub-encoding to TS1/4 on input line 292.
Package textcomp Info: Setting pbk sub-encoding to TS1/4 on input line 293.
Package textcomp Info: Setting pnc sub-encoding to TS1/4 on input line 294.
Package textcomp Info: Setting pzc sub-encoding to TS1/4 on input line 295.
Package textcomp Info: Setting bch sub-encoding to TS1/4 on input line 296.
Package textcomp Info: Setting put sub-encoding to TS1/5 on input line 297.
Package textcomp Info: Setting uag sub-encoding to TS1/5 on input line 298.
Package textcomp Info: Setting ugq sub-encoding to TS1/5 on input line 299.
Package textcomp Info: Setting ul8 sub-encoding to TS1/4 on input line 300.
Package textcomp Info: Setting ul9 sub-encoding to TS1/4 on input line 301.
Package textcomp Info: Setting augie sub-encoding to TS1/5 on input line 302.
Package textcomp Info: Setting dayrom sub-encoding to TS1/3 on input line 303.
Package textcomp Info: Setting dayroms sub-encoding to TS1/3 on input line 304.

Package textcomp Info: Setting pxr sub-encoding to TS1/0 on input line 305.
Package textcomp Info: Setting pxss sub-encoding to TS1/0 on input line 306.
Package textcomp Info: Setting pxtt sub-encoding to TS1/0 on input line 307.
Package textcomp Info: Setting txr sub-encoding to TS1/0 on input line 308.
Package textcomp Info: Setting txss sub-encoding to TS1/0 on input line 309.
Package textcomp Info: Setting txtt sub-encoding to TS1/0 on input line 310.
Package textcomp Info: Setting futs sub-encoding to TS1/4 on input line 311.
Package textcomp Info: Setting futx sub-encoding to TS1/4 on input line 312.
Package textcomp Info: Setting futj sub-encoding to TS1/4 on input line 313.
Package textcomp Info: Setting hlh sub-encoding to TS1/3 on input line 314.
Package textcomp Info: Setting hls sub-encoding to TS1/3 on input line 315.
Package textcomp Info: Setting hlst sub-encoding to TS1/3 on input line 316.
Package textcomp Info: Setting hlct sub-encoding to TS1/5 on input line 317.
Package textcomp Info: Setting hlx sub-encoding to TS1/5 on input line 318.
Package textcomp Info: Setting hlce sub-encoding to TS1/5 on input line 319.
Package textcomp Info: Setting hlcn sub-encoding to TS1/5 on input line 320.
Package textcomp Info: Setting hlcw sub-encoding to TS1/5 on input line 321.
Package textcomp Info: Setting hlcf sub-encoding to TS1/5 on input line 322.
Package textcomp Info: Setting pplx sub-encoding to TS1/3 on input line 323.
Package textcomp Info: Setting pplj sub-encoding to TS1/3 on input line 324.
Package textcomp Info: Setting ptmx sub-encoding to TS1/4 on input line 325.
Package textcomp Info: Setting ptmj sub-encoding to TS1/4 on input line 326.
)
("C:\Program Files (x86)\utilities\MiKTeX 2.9\tex\latex\mh\mathtools.sty"
Package: mathtools 2012/04/24 v1.12 mathematical typesetting tools

("C:\Program Files (x86)\utilities\MiKTeX 2.9\tex\latex\tools\calc.sty"
Package: calc 2007/08/22 v4.3 Infix arithmetic (KKT,FJ)
\calc@Acount=\count124
\calc@Bcount=\count125
\calc@Adimen=\dimen130
\calc@Bdimen=\dimen131
\calc@Askip=\skip54
\calc@Bskip=\skip55
LaTeX Info: Redefining \setlength on input line 76.
LaTeX Info: Redefining \addtolength on input line 77.
\calc@Ccount=\count126
\calc@Cskip=\skip56
)
("C:\Program Files (x86)\utilities\MiKTeX 2.9\tex\latex\mh\mhsetup.sty"
Package: mhsetup 2010/01/21 v1.2a programming setup (MH)
)
\g_MT_multlinerow_int=\count127
\l_MT_multwidth_dim=\dimen132
\origjot=\skip57
\l_MT_shortvdotswithinadjustabove_dim=\dimen133
\l_MT_shortvdotswithinadjustbelow_dim=\dimen134
\l_MT_above_intertext_dim=\dimen135
\l_MT_below_intertext_dim=\dimen136
\l_MT_above_shortintertext_dim=\dimen137
\l_MT_below_shortintertext_dim=\dimen138
)
("C:\Program Files (x86)\utilities\MiKTeX 2.9\tex\latex\psfrag\psfrag.sty"
Package: psfrag 1998/04/11 v3.04 PSfrag (MCG)
\pfg@pcount=\count128
\pfg@scount=\count129
\pfg@temp=\write3
)
("C:\Program Files (x86)\utilities\MiKTeX 2.9\tex\latex\bbm\bbm.sty"
Package: bbm 1999/03/15 V 1.2 provides fonts for set symbols - TH
LaTeX Font Info:    Overwriting math alphabet `\mathbbm' in version `bold'
(Font)                  U/bbm/m/n --> U/bbm/bx/n on input line 33.
LaTeX Font Info:    Overwriting math alphabet `\mathbbmss' in version `bold'
(Font)                  U/bbmss/m/n --> U/bbmss/bx/n on input line 35.
)
("C:\Users\Matias\Desktop\Dropbox\Universidad de Chile\project\ReportFinal - ma
tias\mmgeo_tmp.aux"
("C:\Users\Matias\Desktop\Dropbox\Universidad de Chile\project\ReportFinal - ma
tias\portada\laportada.aux")
("C:\Users\Matias\Desktop\Dropbox\Universidad de Chile\project\ReportFinal - ma
tias\ejecutivo.aux")
("C:\Users\Matias\Desktop\Dropbox\Universidad de Chile\project\ReportFinal - ma
tias\linea_fem1\capitulo.aux")
("C:\Users\Matias\Desktop\Dropbox\Universidad de Chile\project\ReportFinal - ma
tias\linea_fem2\capitulo.aux")
("C:\Users\Matias\Desktop\Dropbox\Universidad de Chile\project\ReportFinal - ma
tias\linea_timerev\capitulo.aux")
("C:\Users\Matias\Desktop\Dropbox\Universidad de Chile\project\ReportFinal - ma
tias\linea_sismica\capitulo.aux")
("C:\Users\Matias\Desktop\Dropbox\Universidad de Chile\project\ReportFinal - ma
tias\linea_dem\capitulo.aux")
("C:\Users\Matias\Desktop\Dropbox\Universidad de Chile\project\ReportFinal - ma
tias\linea_cme3d\capitulo.aux")
("C:\Users\Matias\Desktop\Dropbox\Universidad de Chile\project\ReportFinal - ma
tias\referencias\refproyecto.aux"))
LaTeX Font Info:    Checking defaults for OML/cmm/m/it on input line 81.
LaTeX Font Info:    ... okay on input line 81.
LaTeX Font Info:    Checking defaults for T1/cmr/m/n on input line 81.
LaTeX Font Info:    ... okay on input line 81.
LaTeX Font Info:    Checking defaults for OT1/cmr/m/n on input line 81.
LaTeX Font Info:    ... okay on input line 81.
LaTeX Font Info:    Checking defaults for OMS/cmsy/m/n on input line 81.
LaTeX Font Info:    ... okay on input line 81.
LaTeX Font Info:    Checking defaults for OMX/cmex/m/n on input line 81.
LaTeX Font Info:    ... okay on input line 81.
LaTeX Font Info:    Checking defaults for U/cmr/m/n on input line 81.
LaTeX Font Info:    ... okay on input line 81.
LaTeX Font Info:    Checking defaults for PD1/pdf/m/n on input line 81.
LaTeX Font Info:    ... okay on input line 81.
LaTeX Font Info:    Checking defaults for TS1/cmr/m/n on input line 81.
LaTeX Font Info:    Try loading font information for TS1+cmr on input line 81.

("C:\Program Files (x86)\utilities\MiKTeX 2.9\tex\latex\base\ts1cmr.fd"
File: ts1cmr.fd 1999/05/25 v2.5h Standard LaTeX font definitions
)
LaTeX Font Info:    ... okay on input line 81.

("C:\Program Files (x86)\utilities\MiKTeX 2.9\tex\latex\unicode\ucsencs.def"
File: ucsencs.def 2003/11/29 Fixes to fontencodings LGR, T3
)
Package caption Info: Begin \AtBeginDocument code.
Package caption Info: subfig package 1.2 or 1.3 is loaded.
Package caption Info: hyperref package is loaded.
Package caption Info: End \AtBeginDocument code.

("C:\Program Files (x86)\utilities\MiKTeX 2.9\tex\context\base\supp-pdf.mkii"
[Loading MPS to PDF converter (version 2006.09.02).]
\scratchcounter=\count130
\scratchdimen=\dimen139
\scratchbox=\box31
\nofMPsegments=\count131
\nofMParguments=\count132
\everyMPshowfont=\toks30
\MPscratchCnt=\count133
\MPscratchDim=\dimen140
\MPnumerator=\count134
\makeMPintoPDFobject=\count135
\everyMPtoPDFconversion=\toks31
)
\AtBeginShipoutBox=\box32
 ("C:\Program Files (x86)\utilities\MiKTeX 2.9\tex\latex\graphics\color.sty"
Package: color 2005/11/14 v1.0j Standard LaTeX Color (DPC)

("C:\Program Files (x86)\utilities\MiKTeX 2.9\tex\latex\00miktex\color.cfg"
File: color.cfg 2007/01/18 v1.5 color configuration of teTeX/TeXLive
)
Package color Info: Driver file: pdftex.def on input line 130.
)
Package hyperref Info: Link coloring ON on input line 81.

("C:\Program Files (x86)\utilities\MiKTeX 2.9\tex\latex\hyperref\nameref.sty"
Package: nameref 2010/04/30 v2.40 Cross-referencing by name of section

("C:\Program Files (x86)\utilities\MiKTeX 2.9\tex\latex\oberdiek\refcount.sty"
Package: refcount 2008/08/11 v3.1 Data extraction from references (HO)
)
("C:\Program Files (x86)\utilities\MiKTeX 2.9\tex\generic\oberdiek\gettitlestri
ng.sty"
Package: gettitlestring 2009/12/18 v1.3 Cleanup title references (HO)
)
\c@section@level=\count136
)
LaTeX Info: Redefining \ref on input line 81.
LaTeX Info: Redefining \pageref on input line 81.
LaTeX Info: Redefining \nameref on input line 81.

("C:\Users\Matias\Desktop\Dropbox\Universidad de Chile\project\ReportFinal - ma
tias\mmgeo_tmp.out")
("C:\Users\Matias\Desktop\Dropbox\Universidad de Chile\project\ReportFinal - ma
tias\mmgeo_tmp.out")
\@outlinefile=\write4

("C:\Users\Matias\Desktop\Dropbox\Universidad de Chile\project\ReportFinal - ma
tias\portada\laportada.tex")
<portada/figuras/logo_mmgeo.png, id=327, 146.04562pt x 75.28125pt>
File: portada/figuras/logo_mmgeo.png Graphic file (type png)

<use portada/figuras/logo_mmgeo.png>
<./portada/figuras/logo_cmm.jpg, id=328, 263.48438pt x 110.66344pt>
File: ./portada/figuras/logo_cmm.jpg Graphic file (type jpg)

<use ./portada/figuras/logo_cmm.jpg>
<./portada//figuras/logo_dim.jpg, id=329, 1238.226pt x 398.9304pt>
File: ./portada//figuras/logo_dim.jpg Graphic file (type jpg)

<use ./portada//figuras/logo_dim.jpg>
LaTeX Font Info:    Try loading font information for U+lasy on input line 94.

("C:\Program Files (x86)\utilities\MiKTeX 2.9\tex\latex\base\ulasy.fd"
File: ulasy.fd 1998/08/17 v2.2e LaTeX symbol font definitions
)
LaTeX Font Info:    Try loading font information for U+msa on input line 94.

("C:\Program Files (x86)\utilities\MiKTeX 2.9\tex\latex\amsfonts\umsa.fd"
File: umsa.fd 2009/06/22 v3.00 AMS symbols A
)
LaTeX Font Info:    Try loading font information for U+msb on input line 94.

("C:\Program Files (x86)\utilities\MiKTeX 2.9\tex\latex\amsfonts\umsb.fd"
File: umsb.fd 2009/06/22 v3.00 AMS symbols B
)
("C:\Program Files (x86)\utilities\MiKTeX 2.9\tex\latex\unicode\data\uni-0.def"
File: uni-0.def 2004/10/17 UCS: Unicode data U+0000..U+00FF
) [1
Non-PDF special ignored!



] [2{C:/ProgramData/MiKTeX/2.9/pdftex/config/pdftex.map} <C:/Users/Matias/Deskt
op/Dropbox/Universidad de Chile/project/ReportFinal - matias/portada/figuras/lo
go_mmgeo.png (PNG copy)> <C:/Users/Matias/Desktop/Dropbox/Universidad de Chile/
project/ReportFinal - matias/portada/figuras/logo_cmm.jpg> <C:/Users/Matias/Des
ktop/Dropbox/Universidad de Chile/project/ReportFinal - matias/portada/figuras/
logo_dim.jpg>] [3]
("C:\Users\Matias\Desktop\Dropbox\Universidad de Chile\project\ReportFinal - ma
tias\mmgeo_tmp.toc"

LaTeX Font Warning: Font shape `OT1/cmss/bx/it' undefined
(Font)              using `OT1/cmss/bx/n' instead on input line 3.

pdfTeX warning (ext4): destination with the same identifier (name{page.1}) has 
been already used, duplicate ignored
<to be read again> 
                   \relax 
l.44 ...rline {4.2.3}Output}{12}{subsection.4.2.3}
                                                   [1

]pdfTeX warning (ext4): destination with the same identifier (name{page.2}) has
 been already used, duplicate ignored
<to be read again> 
                   \relax 
l.94 ...{\numberline {6}Linea DEM }{61}{chapter.6}
                                                   [2])
\tf@toc=\write5
pdfTeX warning (ext4): destination with the same identifier (name{page.1}) has 
been already used, duplicate ignored
<to be read again> 
                   \relax 
l.102 \include{ejecutivo}
                          [1]
("C:\Users\Matias\Desktop\Dropbox\Universidad de Chile\project\ReportFinal - ma
tias\ejecutivo.tex"
Cap\'{\i }tulo 1.

LaTeX Font Warning: Font shape `OT1/cmss/m/it' in size <10.95> not available
(Font)              Font shape `OT1/cmss/m/sl' tried instead on input line 2.

)pdfTeX warning (ext4): destination with the same identifier (name{page.2}) has
 been already used, duplicate ignored
<to be read again> 
                   \relax 
l.102 \include{ejecutivo}
                          [2


]
("C:\Users\Matias\Desktop\Dropbox\Universidad de Chile\project\ReportFinal - ma
tias\linea_fem1\capitulo.tex"
Cap\'{\i }tulo 2.
)pdfTeX warning (ext4): destination with the same identifier (name{page.3}) has
 been already used, duplicate ignored
<to be read again> 
                   \relax 
l.105 \include{./linea_fem1/capitulo}
                                      [3



]
("C:\Users\Matias\Desktop\Dropbox\Universidad de Chile\project\ReportFinal - ma
tias\linea_fem2\capitulo.tex"
Cap\'{\i }tulo 3.
) [4



]
("C:\Users\Matias\Desktop\Dropbox\Universidad de Chile\project\ReportFinal - ma
tias\linea_timerev\capitulo.tex"
Cap\'{\i }tulo 4.
[5



] [6] [7]
<linea_timerev/figuras/plotSensor(Ev(1),1).pdf, id=480, 397.485pt x 325.215pt>
File: linea_timerev/figuras/plotSensor(Ev(1),1).pdf Graphic file (type pdf)

<use linea_timerev/figuras/plotSensor(Ev(1),1).pdf>
<linea_timerev/figuras/plotSensor(Ev(1),2).pdf, id=481, 397.485pt x 325.215pt>
File: linea_timerev/figuras/plotSensor(Ev(1),2).pdf Graphic file (type pdf)

<use linea_timerev/figuras/plotSensor(Ev(1),2).pdf>
<linea_timerev/figuras/plotSensor(Ev(1),3).pdf, id=482, 397.485pt x 325.215pt>
File: linea_timerev/figuras/plotSensor(Ev(1),3).pdf Graphic file (type pdf)

<use linea_timerev/figuras/plotSensor(Ev(1),3).pdf> [8 <C:/Users/Matias/Desktop
/Dropbox/Universidad de Chile/project/ReportFinal - matias/linea_timerev/figura
s/plotSensor(Ev(1),1).pdf>]
<linea_timerev/figuras/plotSensor(Ev(1),4).pdf, id=494, 397.485pt x 325.215pt>
File: linea_timerev/figuras/plotSensor(Ev(1),4).pdf Graphic file (type pdf)

<use linea_timerev/figuras/plotSensor(Ev(1),4).pdf>
<linea_timerev/figuras/plotSensor(Ev(1),5).pdf, id=495, 397.485pt x 325.215pt>
File: linea_timerev/figuras/plotSensor(Ev(1),5).pdf Graphic file (type pdf)

<use linea_timerev/figuras/plotSensor(Ev(1),5).pdf> [9 <C:/Users/Matias/Desktop
/Dropbox/Universidad de Chile/project/ReportFinal - matias/linea_timerev/figura
s/plotSensor(Ev(1),2).pdf> <C:/Users/Matias/Desktop/Dropbox/Universidad de Chil
e/project/ReportFinal - matias/linea_timerev/figuras/plotSensor(Ev(1),3).pdf>]
<linea_timerev/figuras/plotSensor(Ev(1),6).pdf, id=510, 397.485pt x 325.215pt>
File: linea_timerev/figuras/plotSensor(Ev(1),6).pdf Graphic file (type pdf)

<use linea_timerev/figuras/plotSensor(Ev(1),6).pdf>
<linea_timerev/figuras/plotSensor(Ev(1),7).pdf, id=511, 397.485pt x 325.215pt>
File: linea_timerev/figuras/plotSensor(Ev(1),7).pdf Graphic file (type pdf)

<use linea_timerev/figuras/plotSensor(Ev(1),7).pdf> [10 <C:/Users/Matias/Deskto
p/Dropbox/Universidad de Chile/project/ReportFinal - matias/linea_timerev/figur
as/plotSensor(Ev(1),4).pdf> <C:/Users/Matias/Desktop/Dropbox/Universidad de Chi
le/project/ReportFinal - matias/linea_timerev/figuras/plotSensor(Ev(1),5).pdf>]
[11 <C:/Users/Matias/Desktop/Dropbox/Universidad de Chile/project/ReportFinal -
 matias/linea_timerev/figuras/plotSensor(Ev(1),6).pdf> <C:/Users/Matias/Desktop
/Dropbox/Universidad de Chile/project/ReportFinal - matias/linea_timerev/figura
s/plotSensor(Ev(1),7).pdf>]
<linea_timerev/figuras/plotSrcEv1src.pdf, id=540, 939.51pt x 505.89pt>
File: linea_timerev/figuras/plotSrcEv1src.pdf Graphic file (type pdf)

<use linea_timerev/figuras/plotSrcEv1src.pdf>
<linea_timerev/figuras/plotSrcEv2src.pdf, id=541, 939.51pt x 505.89pt>
File: linea_timerev/figuras/plotSrcEv2src.pdf Graphic file (type pdf)

<use linea_timerev/figuras/plotSrcEv2src.pdf>
<linea_timerev/figuras/plotSrcEv3src.pdf, id=542, 939.51pt x 505.89pt>
File: linea_timerev/figuras/plotSrcEv3src.pdf Graphic file (type pdf)

<use linea_timerev/figuras/plotSrcEv3src.pdf> [12 <C:/Users/Matias/Desktop/Drop
box/Universidad de Chile/project/ReportFinal - matias/linea_timerev/figuras/plo
tSrcEv1src.pdf>]
<linea_timerev/figuras/plotSrcEv4src.pdf, id=553, 939.51pt x 505.89pt>
File: linea_timerev/figuras/plotSrcEv4src.pdf Graphic file (type pdf)

<use linea_timerev/figuras/plotSrcEv4src.pdf>
<linea_timerev/figuras/plotSrcEv5src.pdf, id=554, 939.51pt x 505.89pt>
File: linea_timerev/figuras/plotSrcEv5src.pdf Graphic file (type pdf)

<use linea_timerev/figuras/plotSrcEv5src.pdf> [13 <C:/Users/Matias/Desktop/Drop
box/Universidad de Chile/project/ReportFinal - matias/linea_timerev/figuras/plo
tSrcEv2src.pdf> <C:/Users/Matias/Desktop/Dropbox/Universidad de Chile/project/R
eportFinal - matias/linea_timerev/figuras/plotSrcEv3src.pdf>]
<linea_timerev/figuras/plotSrcEv6src.pdf, id=569, 939.51pt x 505.89pt>
File: linea_timerev/figuras/plotSrcEv6src.pdf Graphic file (type pdf)

<use linea_timerev/figuras/plotSrcEv6src.pdf>
<linea_timerev/figuras/plotSrcEv7src.pdf, id=570, 939.51pt x 505.89pt>
File: linea_timerev/figuras/plotSrcEv7src.pdf Graphic file (type pdf)

<use linea_timerev/figuras/plotSrcEv7src.pdf> [14 <C:/Users/Matias/Desktop/Drop
box/Universidad de Chile/project/ReportFinal - matias/linea_timerev/figuras/plo
tSrcEv4src.pdf> <C:/Users/Matias/Desktop/Dropbox/Universidad de Chile/project/R
eportFinal - matias/linea_timerev/figuras/plotSrcEv5src.pdf>]
<linea_timerev/figuras/plotSrcEv8src.pdf, id=586, 939.51pt x 505.89pt>
File: linea_timerev/figuras/plotSrcEv8src.pdf Graphic file (type pdf)

<use linea_timerev/figuras/plotSrcEv8src.pdf>
<linea_timerev/figuras/plotSrcEv9src.pdf, id=587, 939.51pt x 505.89pt>
File: linea_timerev/figuras/plotSrcEv9src.pdf Graphic file (type pdf)

<use linea_timerev/figuras/plotSrcEv9src.pdf> [15 <C:/Users/Matias/Desktop/Drop
box/Universidad de Chile/project/ReportFinal - matias/linea_timerev/figuras/plo
tSrcEv6src.pdf> <C:/Users/Matias/Desktop/Dropbox/Universidad de Chile/project/R
eportFinal - matias/linea_timerev/figuras/plotSrcEv7src.pdf>]
<linea_timerev/figuras/plotSrcEv10src.pdf, id=602, 939.51pt x 505.89pt>
File: linea_timerev/figuras/plotSrcEv10src.pdf Graphic file (type pdf)

<use linea_timerev/figuras/plotSrcEv10src.pdf>
<linea_timerev/figuras/plotSrcEv11src.pdf, id=603, 939.51pt x 505.89pt>
File: linea_timerev/figuras/plotSrcEv11src.pdf Graphic file (type pdf)

<use linea_timerev/figuras/plotSrcEv11src.pdf> [16 <C:/Users/Matias/Desktop/Dro
pbox/Universidad de Chile/project/ReportFinal - matias/linea_timerev/figuras/pl
otSrcEv8src.pdf> <C:/Users/Matias/Desktop/Dropbox/Universidad de Chile/project/
ReportFinal - matias/linea_timerev/figuras/plotSrcEv9src.pdf>]
<linea_timerev/figuras/plotSrcEv12src.pdf, id=618, 939.51pt x 505.89pt>
File: linea_timerev/figuras/plotSrcEv12src.pdf Graphic file (type pdf)

<use linea_timerev/figuras/plotSrcEv12src.pdf>
<linea_timerev/figuras/plotSrcEv13src.pdf, id=619, 939.51pt x 505.89pt>
File: linea_timerev/figuras/plotSrcEv13src.pdf Graphic file (type pdf)

<use linea_timerev/figuras/plotSrcEv13src.pdf> [17 <C:/Users/Matias/Desktop/Dro
pbox/Universidad de Chile/project/ReportFinal - matias/linea_timerev/figuras/pl
otSrcEv10src.pdf> <C:/Users/Matias/Desktop/Dropbox/Universidad de Chile/project
/ReportFinal - matias/linea_timerev/figuras/plotSrcEv11src.pdf>]
<linea_timerev/figuras/plotSrcEv14src.pdf, id=634, 939.51pt x 505.89pt>
File: linea_timerev/figuras/plotSrcEv14src.pdf Graphic file (type pdf)

<use linea_timerev/figuras/plotSrcEv14src.pdf>
<linea_timerev/figuras/plotSrcEv15src.pdf, id=635, 939.51pt x 505.89pt>
File: linea_timerev/figuras/plotSrcEv15src.pdf Graphic file (type pdf)

<use linea_timerev/figuras/plotSrcEv15src.pdf> [18 <C:/Users/Matias/Desktop/Dro
pbox/Universidad de Chile/project/ReportFinal - matias/linea_timerev/figuras/pl
otSrcEv12src.pdf> <C:/Users/Matias/Desktop/Dropbox/Universidad de Chile/project
/ReportFinal - matias/linea_timerev/figuras/plotSrcEv13src.pdf>]
<linea_timerev/figuras/plotSrcEv16src.pdf, id=650, 939.51pt x 505.89pt>
File: linea_timerev/figuras/plotSrcEv16src.pdf Graphic file (type pdf)

<use linea_timerev/figuras/plotSrcEv16src.pdf>
<linea_timerev/figuras/plotSrcEv17src.pdf, id=651, 939.51pt x 505.89pt>
File: linea_timerev/figuras/plotSrcEv17src.pdf Graphic file (type pdf)

<use linea_timerev/figuras/plotSrcEv17src.pdf> [19 <C:/Users/Matias/Desktop/Dro
pbox/Universidad de Chile/project/ReportFinal - matias/linea_timerev/figuras/pl
otSrcEv14src.pdf> <C:/Users/Matias/Desktop/Dropbox/Universidad de Chile/project
/ReportFinal - matias/linea_timerev/figuras/plotSrcEv15src.pdf>]
<linea_timerev/figuras/plotSrcEv18src.pdf, id=666, 939.51pt x 505.89pt>
File: linea_timerev/figuras/plotSrcEv18src.pdf Graphic file (type pdf)

<use linea_timerev/figuras/plotSrcEv18src.pdf>
<linea_timerev/figuras/plotSrcEv19src.pdf, id=667, 939.51pt x 505.89pt>
File: linea_timerev/figuras/plotSrcEv19src.pdf Graphic file (type pdf)

<use linea_timerev/figuras/plotSrcEv19src.pdf> [20 <C:/Users/Matias/Desktop/Dro
pbox/Universidad de Chile/project/ReportFinal - matias/linea_timerev/figuras/pl
otSrcEv16src.pdf> <C:/Users/Matias/Desktop/Dropbox/Universidad de Chile/project
/ReportFinal - matias/linea_timerev/figuras/plotSrcEv17src.pdf>]
<linea_timerev/figuras/plotSrcEv20src.pdf, id=683, 939.51pt x 505.89pt>
File: linea_timerev/figuras/plotSrcEv20src.pdf Graphic file (type pdf)

<use linea_timerev/figuras/plotSrcEv20src.pdf>
<linea_timerev/figuras/plotSrcEv21src.pdf, id=684, 939.51pt x 505.89pt>
File: linea_timerev/figuras/plotSrcEv21src.pdf Graphic file (type pdf)

<use linea_timerev/figuras/plotSrcEv21src.pdf> [21 <C:/Users/Matias/Desktop/Dro
pbox/Universidad de Chile/project/ReportFinal - matias/linea_timerev/figuras/pl
otSrcEv18src.pdf> <C:/Users/Matias/Desktop/Dropbox/Universidad de Chile/project
/ReportFinal - matias/linea_timerev/figuras/plotSrcEv19src.pdf>]
<linea_timerev/figuras/plotSrcEv22src.pdf, id=699, 939.51pt x 505.89pt>
File: linea_timerev/figuras/plotSrcEv22src.pdf Graphic file (type pdf)

<use linea_timerev/figuras/plotSrcEv22src.pdf>
<linea_timerev/figuras/plotSrcEv23src.pdf, id=700, 939.51pt x 505.89pt>
File: linea_timerev/figuras/plotSrcEv23src.pdf Graphic file (type pdf)

<use linea_timerev/figuras/plotSrcEv23src.pdf> [22 <C:/Users/Matias/Desktop/Dro
pbox/Universidad de Chile/project/ReportFinal - matias/linea_timerev/figuras/pl
otSrcEv20src.pdf> <C:/Users/Matias/Desktop/Dropbox/Universidad de Chile/project
/ReportFinal - matias/linea_timerev/figuras/plotSrcEv21src.pdf>]
<linea_timerev/figuras/plotSrcEv24src.pdf, id=715, 939.51pt x 505.89pt>
File: linea_timerev/figuras/plotSrcEv24src.pdf Graphic file (type pdf)

<use linea_timerev/figuras/plotSrcEv24src.pdf>
<linea_timerev/figuras/plotSrcEv25src.pdf, id=716, 939.51pt x 505.89pt>
File: linea_timerev/figuras/plotSrcEv25src.pdf Graphic file (type pdf)

<use linea_timerev/figuras/plotSrcEv25src.pdf> [23 <C:/Users/Matias/Desktop/Dro
pbox/Universidad de Chile/project/ReportFinal - matias/linea_timerev/figuras/pl
otSrcEv22src.pdf> <C:/Users/Matias/Desktop/Dropbox/Universidad de Chile/project
/ReportFinal - matias/linea_timerev/figuras/plotSrcEv23src.pdf>]
<linea_timerev/figuras/plotSrcEv26src.pdf, id=731, 939.51pt x 505.89pt>
File: linea_timerev/figuras/plotSrcEv26src.pdf Graphic file (type pdf)

<use linea_timerev/figuras/plotSrcEv26src.pdf>
<linea_timerev/figuras/plotSrcEv27src.pdf, id=732, 939.51pt x 505.89pt>
File: linea_timerev/figuras/plotSrcEv27src.pdf Graphic file (type pdf)

<use linea_timerev/figuras/plotSrcEv27src.pdf> [24 <C:/Users/Matias/Desktop/Dro
pbox/Universidad de Chile/project/ReportFinal - matias/linea_timerev/figuras/pl
otSrcEv24src.pdf> <C:/Users/Matias/Desktop/Dropbox/Universidad de Chile/project
/ReportFinal - matias/linea_timerev/figuras/plotSrcEv25src.pdf>]
<linea_timerev/figuras/plotSrcEv28src.pdf, id=747, 939.51pt x 505.89pt>
File: linea_timerev/figuras/plotSrcEv28src.pdf Graphic file (type pdf)

<use linea_timerev/figuras/plotSrcEv28src.pdf>
<linea_timerev/figuras/plotSrcEv29src.pdf, id=748, 939.51pt x 505.89pt>
File: linea_timerev/figuras/plotSrcEv29src.pdf Graphic file (type pdf)

<use linea_timerev/figuras/plotSrcEv29src.pdf> [25 <C:/Users/Matias/Desktop/Dro
pbox/Universidad de Chile/project/ReportFinal - matias/linea_timerev/figuras/pl
otSrcEv26src.pdf> <C:/Users/Matias/Desktop/Dropbox/Universidad de Chile/project
/ReportFinal - matias/linea_timerev/figuras/plotSrcEv27src.pdf>] [26 <C:/Users/
Matias/Desktop/Dropbox/Universidad de Chile/project/ReportFinal - matias/linea_
timerev/figuras/plotSrcEv28src.pdf> <C:/Users/Matias/Desktop/Dropbox/Universida
d de Chile/project/ReportFinal - matias/linea_timerev/figuras/plotSrcEv29src.pd
f>] <linea_timerev/figuras/testRec/artsrc.pdf, id=778, 361.35pt x 325.215pt>
File: linea_timerev/figuras/testRec/artsrc.pdf Graphic file (type pdf)

<use linea_timerev/figuras/testRec/artsrc.pdf>
<linea_timerev/figuras/testRec/recartsrc.pdf, id=779, 361.35pt x 325.215pt>
File: linea_timerev/figuras/testRec/recartsrc.pdf Graphic file (type pdf)

<use linea_timerev/figuras/testRec/recartsrc.pdf> [27 <C:/Users/Matias/Desktop/
Dropbox/Universidad de Chile/project/ReportFinal - matias/linea_timerev/figuras
/testRec/artsrc.pdf>]
<linea_timerev/figuras/testRec/bothtestsrc.pdf, id=788, 361.35pt x 325.215pt>
File: linea_timerev/figuras/testRec/bothtestsrc.pdf Graphic file (type pdf)

<use linea_timerev/figuras/testRec/bothtestsrc.pdf> [28 <C:/Users/Matias/Deskto
p/Dropbox/Universidad de Chile/project/ReportFinal - matias/linea_timerev/figur
as/testRec/recartsrc.pdf> <C:/Users/Matias/Desktop/Dropbox/Universidad de Chile
/project/ReportFinal - matias/linea_timerev/figuras/testRec/bothtestsrc.pdf>]
<linea_timerev/figuras/plotSrcEv1filtrotsrc.pdf, id=803, 939.51pt x 505.89pt>
File: linea_timerev/figuras/plotSrcEv1filtrotsrc.pdf Graphic file (type pdf)

<use linea_timerev/figuras/plotSrcEv1filtrotsrc.pdf>
<linea_timerev/figuras/plotSrcEv2filtrotsrc.pdf, id=804, 939.51pt x 505.89pt>
File: linea_timerev/figuras/plotSrcEv2filtrotsrc.pdf Graphic file (type pdf)

<use linea_timerev/figuras/plotSrcEv2filtrotsrc.pdf>
<linea_timerev/figuras/plotSrcEv3filtrotsrc.pdf, id=805, 939.51pt x 505.89pt>
File: linea_timerev/figuras/plotSrcEv3filtrotsrc.pdf Graphic file (type pdf)

<use linea_timerev/figuras/plotSrcEv3filtrotsrc.pdf> [29 <C:/Users/Matias/Deskt
op/Dropbox/Universidad de Chile/project/ReportFinal - matias/linea_timerev/figu
ras/plotSrcEv1filtrotsrc.pdf>]
<linea_timerev/figuras/plotSrcEv4filtrotsrc.pdf, id=815, 939.51pt x 505.89pt>
File: linea_timerev/figuras/plotSrcEv4filtrotsrc.pdf Graphic file (type pdf)

<use linea_timerev/figuras/plotSrcEv4filtrotsrc.pdf>
<linea_timerev/figuras/plotSrcEv5filtrotsrc.pdf, id=816, 939.51pt x 505.89pt>
File: linea_timerev/figuras/plotSrcEv5filtrotsrc.pdf Graphic file (type pdf)

<use linea_timerev/figuras/plotSrcEv5filtrotsrc.pdf> [30 <C:/Users/Matias/Deskt
op/Dropbox/Universidad de Chile/project/ReportFinal - matias/linea_timerev/figu
ras/plotSrcEv2filtrotsrc.pdf> <C:/Users/Matias/Desktop/Dropbox/Universidad de C
hile/project/ReportFinal - matias/linea_timerev/figuras/plotSrcEv3filtrotsrc.pd
f>]
<linea_timerev/figuras/plotSrcEv6filtrotsrc.pdf, id=831, 939.51pt x 505.89pt>
File: linea_timerev/figuras/plotSrcEv6filtrotsrc.pdf Graphic file (type pdf)

<use linea_timerev/figuras/plotSrcEv6filtrotsrc.pdf>
<linea_timerev/figuras/plotSrcEv7filtrotsrc.pdf, id=832, 939.51pt x 505.89pt>
File: linea_timerev/figuras/plotSrcEv7filtrotsrc.pdf Graphic file (type pdf)

<use linea_timerev/figuras/plotSrcEv7filtrotsrc.pdf> [31 <C:/Users/Matias/Deskt
op/Dropbox/Universidad de Chile/project/ReportFinal - matias/linea_timerev/figu
ras/plotSrcEv4filtrotsrc.pdf> <C:/Users/Matias/Desktop/Dropbox/Universidad de C
hile/project/ReportFinal - matias/linea_timerev/figuras/plotSrcEv5filtrotsrc.pd
f>]
<linea_timerev/figuras/plotSrcEv8filtrotsrc.pdf, id=847, 939.51pt x 505.89pt>
File: linea_timerev/figuras/plotSrcEv8filtrotsrc.pdf Graphic file (type pdf)

<use linea_timerev/figuras/plotSrcEv8filtrotsrc.pdf>
<linea_timerev/figuras/plotSrcEv9filtrotsrc.pdf, id=848, 939.51pt x 505.89pt>
File: linea_timerev/figuras/plotSrcEv9filtrotsrc.pdf Graphic file (type pdf)

<use linea_timerev/figuras/plotSrcEv9filtrotsrc.pdf> [32 <C:/Users/Matias/Deskt
op/Dropbox/Universidad de Chile/project/ReportFinal - matias/linea_timerev/figu
ras/plotSrcEv6filtrotsrc.pdf> <C:/Users/Matias/Desktop/Dropbox/Universidad de C
hile/project/ReportFinal - matias/linea_timerev/figuras/plotSrcEv7filtrotsrc.pd
f>]
<linea_timerev/figuras/plotSrcEv10filtrotsrc.pdf, id=864, 939.51pt x 505.89pt>
File: linea_timerev/figuras/plotSrcEv10filtrotsrc.pdf Graphic file (type pdf)

<use linea_timerev/figuras/plotSrcEv10filtrotsrc.pdf>
<linea_timerev/figuras/plotSrcEv11filtrotsrc.pdf, id=865, 939.51pt x 505.89pt>
File: linea_timerev/figuras/plotSrcEv11filtrotsrc.pdf Graphic file (type pdf)

<use linea_timerev/figuras/plotSrcEv11filtrotsrc.pdf> [33 <C:/Users/Matias/Desk
top/Dropbox/Universidad de Chile/project/ReportFinal - matias/linea_timerev/fig
uras/plotSrcEv8filtrotsrc.pdf> <C:/Users/Matias/Desktop/Dropbox/Universidad de 
Chile/project/ReportFinal - matias/linea_timerev/figuras/plotSrcEv9filtrotsrc.p
df>]
<linea_timerev/figuras/plotSrcEv12filtrotsrc.pdf, id=880, 939.51pt x 505.89pt>
File: linea_timerev/figuras/plotSrcEv12filtrotsrc.pdf Graphic file (type pdf)

<use linea_timerev/figuras/plotSrcEv12filtrotsrc.pdf>
<linea_timerev/figuras/plotSrcEv13filtrotsrc.pdf, id=881, 939.51pt x 505.89pt>
File: linea_timerev/figuras/plotSrcEv13filtrotsrc.pdf Graphic file (type pdf)

<use linea_timerev/figuras/plotSrcEv13filtrotsrc.pdf> [34 <C:/Users/Matias/Desk
top/Dropbox/Universidad de Chile/project/ReportFinal - matias/linea_timerev/fig
uras/plotSrcEv10filtrotsrc.pdf> <C:/Users/Matias/Desktop/Dropbox/Universidad de
 Chile/project/ReportFinal - matias/linea_timerev/figuras/plotSrcEv11filtrotsrc
.pdf>]
<linea_timerev/figuras/plotSrcEv14filtrotsrc.pdf, id=896, 939.51pt x 505.89pt>
File: linea_timerev/figuras/plotSrcEv14filtrotsrc.pdf Graphic file (type pdf)

<use linea_timerev/figuras/plotSrcEv14filtrotsrc.pdf>
<linea_timerev/figuras/plotSrcEv15filtrotsrc.pdf, id=897, 939.51pt x 505.89pt>
File: linea_timerev/figuras/plotSrcEv15filtrotsrc.pdf Graphic file (type pdf)

<use linea_timerev/figuras/plotSrcEv15filtrotsrc.pdf> [35 <C:/Users/Matias/Desk
top/Dropbox/Universidad de Chile/project/ReportFinal - matias/linea_timerev/fig
uras/plotSrcEv12filtrotsrc.pdf> <C:/Users/Matias/Desktop/Dropbox/Universidad de
 Chile/project/ReportFinal - matias/linea_timerev/figuras/plotSrcEv13filtrotsrc
.pdf>]
<linea_timerev/figuras/plotSrcEv16filtrotsrc.pdf, id=912, 939.51pt x 505.89pt>
File: linea_timerev/figuras/plotSrcEv16filtrotsrc.pdf Graphic file (type pdf)

<use linea_timerev/figuras/plotSrcEv16filtrotsrc.pdf>
<linea_timerev/figuras/plotSrcEv17filtrotsrc.pdf, id=913, 939.51pt x 505.89pt>
File: linea_timerev/figuras/plotSrcEv17filtrotsrc.pdf Graphic file (type pdf)

<use linea_timerev/figuras/plotSrcEv17filtrotsrc.pdf> [36 <C:/Users/Matias/Desk
top/Dropbox/Universidad de Chile/project/ReportFinal - matias/linea_timerev/fig
uras/plotSrcEv14filtrotsrc.pdf> <C:/Users/Matias/Desktop/Dropbox/Universidad de
 Chile/project/ReportFinal - matias/linea_timerev/figuras/plotSrcEv15filtrotsrc
.pdf>]
<linea_timerev/figuras/plotSrcEv18filtrotsrc.pdf, id=928, 939.51pt x 505.89pt>
File: linea_timerev/figuras/plotSrcEv18filtrotsrc.pdf Graphic file (type pdf)

<use linea_timerev/figuras/plotSrcEv18filtrotsrc.pdf>
<linea_timerev/figuras/plotSrcEv19filtrotsrc.pdf, id=929, 939.51pt x 505.89pt>
File: linea_timerev/figuras/plotSrcEv19filtrotsrc.pdf Graphic file (type pdf)

<use linea_timerev/figuras/plotSrcEv19filtrotsrc.pdf> [37 <C:/Users/Matias/Desk
top/Dropbox/Universidad de Chile/project/ReportFinal - matias/linea_timerev/fig
uras/plotSrcEv16filtrotsrc.pdf> <C:/Users/Matias/Desktop/Dropbox/Universidad de
 Chile/project/ReportFinal - matias/linea_timerev/figuras/plotSrcEv17filtrotsrc
.pdf>]
<linea_timerev/figuras/plotSrcEv20filtrotsrc.pdf, id=944, 939.51pt x 505.89pt>
File: linea_timerev/figuras/plotSrcEv20filtrotsrc.pdf Graphic file (type pdf)

<use linea_timerev/figuras/plotSrcEv20filtrotsrc.pdf>
<linea_timerev/figuras/plotSrcEv21filtrotsrc.pdf, id=945, 939.51pt x 505.89pt>
File: linea_timerev/figuras/plotSrcEv21filtrotsrc.pdf Graphic file (type pdf)

<use linea_timerev/figuras/plotSrcEv21filtrotsrc.pdf> [38 <C:/Users/Matias/Desk
top/Dropbox/Universidad de Chile/project/ReportFinal - matias/linea_timerev/fig
uras/plotSrcEv18filtrotsrc.pdf> <C:/Users/Matias/Desktop/Dropbox/Universidad de
 Chile/project/ReportFinal - matias/linea_timerev/figuras/plotSrcEv19filtrotsrc
.pdf>]
<linea_timerev/figuras/plotSrcEv22filtrotsrc.pdf, id=961, 939.51pt x 505.89pt>
File: linea_timerev/figuras/plotSrcEv22filtrotsrc.pdf Graphic file (type pdf)

<use linea_timerev/figuras/plotSrcEv22filtrotsrc.pdf>
<linea_timerev/figuras/plotSrcEv23filtrotsrc.pdf, id=962, 939.51pt x 505.89pt>
File: linea_timerev/figuras/plotSrcEv23filtrotsrc.pdf Graphic file (type pdf)

<use linea_timerev/figuras/plotSrcEv23filtrotsrc.pdf> [39 <C:/Users/Matias/Desk
top/Dropbox/Universidad de Chile/project/ReportFinal - matias/linea_timerev/fig
uras/plotSrcEv20filtrotsrc.pdf> <C:/Users/Matias/Desktop/Dropbox/Universidad de
 Chile/project/ReportFinal - matias/linea_timerev/figuras/plotSrcEv21filtrotsrc
.pdf>]
<linea_timerev/figuras/plotSrcEv24filtrotsrc.pdf, id=977, 939.51pt x 505.89pt>
File: linea_timerev/figuras/plotSrcEv24filtrotsrc.pdf Graphic file (type pdf)

<use linea_timerev/figuras/plotSrcEv24filtrotsrc.pdf>
<linea_timerev/figuras/plotSrcEv25filtrotsrc.pdf, id=978, 939.51pt x 505.89pt>
File: linea_timerev/figuras/plotSrcEv25filtrotsrc.pdf Graphic file (type pdf)

<use linea_timerev/figuras/plotSrcEv25filtrotsrc.pdf> [40 <C:/Users/Matias/Desk
top/Dropbox/Universidad de Chile/project/ReportFinal - matias/linea_timerev/fig
uras/plotSrcEv22filtrotsrc.pdf> <C:/Users/Matias/Desktop/Dropbox/Universidad de
 Chile/project/ReportFinal - matias/linea_timerev/figuras/plotSrcEv23filtrotsrc
.pdf>]
<linea_timerev/figuras/plotSrcEv26filtrotsrc.pdf, id=993, 939.51pt x 505.89pt>
File: linea_timerev/figuras/plotSrcEv26filtrotsrc.pdf Graphic file (type pdf)

<use linea_timerev/figuras/plotSrcEv26filtrotsrc.pdf>
<linea_timerev/figuras/plotSrcEv27filtrotsrc.pdf, id=994, 939.51pt x 505.89pt>
File: linea_timerev/figuras/plotSrcEv27filtrotsrc.pdf Graphic file (type pdf)

<use linea_timerev/figuras/plotSrcEv27filtrotsrc.pdf> [41 <C:/Users/Matias/Desk
top/Dropbox/Universidad de Chile/project/ReportFinal - matias/linea_timerev/fig
uras/plotSrcEv24filtrotsrc.pdf> <C:/Users/Matias/Desktop/Dropbox/Universidad de
 Chile/project/ReportFinal - matias/linea_timerev/figuras/plotSrcEv25filtrotsrc
.pdf>]
<linea_timerev/figuras/plotSrcEv28filtrotsrc.pdf, id=1009, 939.51pt x 505.89pt>
File: linea_timerev/figuras/plotSrcEv28filtrotsrc.pdf Graphic file (type pdf)
<use linea_timerev/figuras/plotSrcEv28filtrotsrc.pdf>
<linea_timerev/figuras/plotSrcEv29filtrotsrc.pdf, id=1010, 939.51pt x 505.89pt>
File: linea_timerev/figuras/plotSrcEv29filtrotsrc.pdf Graphic file (type pdf)
<use linea_timerev/figuras/plotSrcEv29filtrotsrc.pdf> [42 <C:/Users/Matias/Desk
top/Dropbox/Universidad de Chile/project/ReportFinal - matias/linea_timerev/fig
uras/plotSrcEv26filtrotsrc.pdf> <C:/Users/Matias/Desktop/Dropbox/Universidad de
 Chile/project/ReportFinal - matias/linea_timerev/figuras/plotSrcEv27filtrotsrc
.pdf>]
<linea_timerev/figuras/clasificacion.pdf, id=1025, 361.35pt x 325.215pt>
File: linea_timerev/figuras/clasificacion.pdf Graphic file (type pdf)

<use linea_timerev/figuras/clasificacion.pdf> [43 <C:/Users/Matias/Desktop/Drop
box/Universidad de Chile/project/ReportFinal - matias/linea_timerev/figuras/plo
tSrcEv28filtrotsrc.pdf> <C:/Users/Matias/Desktop/Dropbox/Universidad de Chile/p
roject/ReportFinal - matias/linea_timerev/figuras/plotSrcEv29filtrotsrc.pdf>]
[44 <C:/Users/Matias/Desktop/Dropbox/Universidad de Chile/project/ReportFinal -
 matias/linea_timerev/figuras/clasificacion.pdf>]
<linea_timerev/figuras/timereversal/ev1/tr124.png, id=1050, 578.16pt x 433.62pt
>
File: linea_timerev/figuras/timereversal/ev1/tr124.png Graphic file (type png)
 <use linea_timerev/figuras/timereversal/ev1/tr124.png>
<linea_timerev/figuras/timereversal/ev1/tr125.png, id=1051, 578.16pt x 433.62pt
>
File: linea_timerev/figuras/timereversal/ev1/tr125.png Graphic file (type png)
 <use linea_timerev/figuras/timereversal/ev1/tr125.png>
<linea_timerev/figuras/timereversal/ev1/tr126.png, id=1052, 578.16pt x 433.62pt
>
File: linea_timerev/figuras/timereversal/ev1/tr126.png Graphic file (type png)
 <use linea_timerev/figuras/timereversal/ev1/tr126.png>
<linea_timerev/figuras/timereversal/ev1/tr127.png, id=1053, 578.16pt x 433.62pt
>
File: linea_timerev/figuras/timereversal/ev1/tr127.png Graphic file (type png)
 <use linea_timerev/figuras/timereversal/ev1/tr127.png>
<linea_timerev/figuras/timereversal/ev1/tr128.png, id=1054, 578.16pt x 433.62pt
>
File: linea_timerev/figuras/timereversal/ev1/tr128.png Graphic file (type png)
 <use linea_timerev/figuras/timereversal/ev1/tr128.png>
<linea_timerev/figuras/timereversal/ev1/tr129.png, id=1055, 578.16pt x 433.62pt
>
File: linea_timerev/figuras/timereversal/ev1/tr129.png Graphic file (type png)
 <use linea_timerev/figuras/timereversal/ev1/tr129.png>
<linea_timerev/figuras/timereversal/ev1/tr130.png, id=1056, 578.16pt x 433.62pt
>
File: linea_timerev/figuras/timereversal/ev1/tr130.png Graphic file (type png)
 <use linea_timerev/figuras/timereversal/ev1/tr130.png>
<linea_timerev/figuras/timereversal/ev1/tr131.png, id=1057, 578.16pt x 433.62pt
>
File: linea_timerev/figuras/timereversal/ev1/tr131.png Graphic file (type png)
 <use linea_timerev/figuras/timereversal/ev1/tr131.png>
<linea_timerev/figuras/timereversal/ev1/tr132.png, id=1058, 578.16pt x 433.62pt
>
File: linea_timerev/figuras/timereversal/ev1/tr132.png Graphic file (type png)
 <use linea_timerev/figuras/timereversal/ev1/tr132.png>
<linea_timerev/figuras/timereversal/ev1/tr133.png, id=1059, 578.16pt x 433.62pt
>
File: linea_timerev/figuras/timereversal/ev1/tr133.png Graphic file (type png)
 <use linea_timerev/figuras/timereversal/ev1/tr133.png>
<linea_timerev/figuras/timereversal/ev1/tr134.png, id=1060, 578.16pt x 433.62pt
>
File: linea_timerev/figuras/timereversal/ev1/tr134.png Graphic file (type png)
 <use linea_timerev/figuras/timereversal/ev1/tr134.png>
<linea_timerev/figuras/timereversal/ev1/tr135.png, id=1061, 578.16pt x 433.62pt
>
File: linea_timerev/figuras/timereversal/ev1/tr135.png Graphic file (type png)
 <use linea_timerev/figuras/timereversal/ev1/tr135.png>
<linea_timerev/figuras/timereversal/ev1/tr136.png, id=1062, 578.16pt x 433.62pt
>
File: linea_timerev/figuras/timereversal/ev1/tr136.png Graphic file (type png)
 <use linea_timerev/figuras/timereversal/ev1/tr136.png>
<linea_timerev/figuras/timereversal/ev1/tr137.png, id=1063, 578.16pt x 433.62pt
>
File: linea_timerev/figuras/timereversal/ev1/tr137.png Graphic file (type png)
 <use linea_timerev/figuras/timereversal/ev1/tr137.png>
<linea_timerev/figuras/timereversal/ev1/tr138.png, id=1064, 578.16pt x 433.62pt
>
File: linea_timerev/figuras/timereversal/ev1/tr138.png Graphic file (type png)
 <use linea_timerev/figuras/timereversal/ev1/tr138.png> [45]
<linea_timerev/figuras/timereversal/ev2/tr224.png, id=1069, 578.16pt x 433.62pt
>
File: linea_timerev/figuras/timereversal/ev2/tr224.png Graphic file (type png)
 <use linea_timerev/figuras/timereversal/ev2/tr224.png>
<linea_timerev/figuras/timereversal/ev2/tr225.png, id=1070, 578.16pt x 433.62pt
>
File: linea_timerev/figuras/timereversal/ev2/tr225.png Graphic file (type png)
 <use linea_timerev/figuras/timereversal/ev2/tr225.png>
<linea_timerev/figuras/timereversal/ev2/tr226.png, id=1071, 578.16pt x 433.62pt
>
File: linea_timerev/figuras/timereversal/ev2/tr226.png Graphic file (type png)
 <use linea_timerev/figuras/timereversal/ev2/tr226.png>
<linea_timerev/figuras/timereversal/ev2/tr227.png, id=1072, 578.16pt x 433.62pt
>
File: linea_timerev/figuras/timereversal/ev2/tr227.png Graphic file (type png)
 <use linea_timerev/figuras/timereversal/ev2/tr227.png>
<linea_timerev/figuras/timereversal/ev2/tr228.png, id=1073, 578.16pt x 433.62pt
>
File: linea_timerev/figuras/timereversal/ev2/tr228.png Graphic file (type png)
 <use linea_timerev/figuras/timereversal/ev2/tr228.png>
<linea_timerev/figuras/timereversal/ev2/tr229.png, id=1074, 578.16pt x 433.62pt
>
File: linea_timerev/figuras/timereversal/ev2/tr229.png Graphic file (type png)
 <use linea_timerev/figuras/timereversal/ev2/tr229.png>
<linea_timerev/figuras/timereversal/ev2/tr230.png, id=1075, 578.16pt x 433.62pt
>
File: linea_timerev/figuras/timereversal/ev2/tr230.png Graphic file (type png)
 <use linea_timerev/figuras/timereversal/ev2/tr230.png>
<linea_timerev/figuras/timereversal/ev2/tr231.png, id=1076, 578.16pt x 433.62pt
>
File: linea_timerev/figuras/timereversal/ev2/tr231.png Graphic file (type png)
 <use linea_timerev/figuras/timereversal/ev2/tr231.png>
<linea_timerev/figuras/timereversal/ev2/tr232.png, id=1077, 578.16pt x 433.62pt
>
File: linea_timerev/figuras/timereversal/ev2/tr232.png Graphic file (type png)
 <use linea_timerev/figuras/timereversal/ev2/tr232.png>
<linea_timerev/figuras/timereversal/ev2/tr233.png, id=1078, 578.16pt x 433.62pt
>
File: linea_timerev/figuras/timereversal/ev2/tr233.png Graphic file (type png)
 <use linea_timerev/figuras/timereversal/ev2/tr233.png>
<linea_timerev/figuras/timereversal/ev2/tr234.png, id=1079, 578.16pt x 433.62pt
>
File: linea_timerev/figuras/timereversal/ev2/tr234.png Graphic file (type png)
 <use linea_timerev/figuras/timereversal/ev2/tr234.png>
<linea_timerev/figuras/timereversal/ev2/tr235.png, id=1080, 578.16pt x 433.62pt
>
File: linea_timerev/figuras/timereversal/ev2/tr235.png Graphic file (type png)
 <use linea_timerev/figuras/timereversal/ev2/tr235.png>
<linea_timerev/figuras/timereversal/ev2/tr236.png, id=1081, 578.16pt x 433.62pt
>
File: linea_timerev/figuras/timereversal/ev2/tr236.png Graphic file (type png)
 <use linea_timerev/figuras/timereversal/ev2/tr236.png>
<linea_timerev/figuras/timereversal/ev2/tr237.png, id=1082, 578.16pt x 433.62pt
>
File: linea_timerev/figuras/timereversal/ev2/tr237.png Graphic file (type png)
 <use linea_timerev/figuras/timereversal/ev2/tr237.png>
<linea_timerev/figuras/timereversal/ev2/tr238.png, id=1083, 578.16pt x 433.62pt
>
File: linea_timerev/figuras/timereversal/ev2/tr238.png Graphic file (type png)
 <use linea_timerev/figuras/timereversal/ev2/tr238.png> [46 <C:/Users/Matias/De
sktop/Dropbox/Universidad de Chile/project/ReportFinal - matias/linea_timerev/f
iguras/timereversal/ev1/tr124.png (PNG copy)> <C:/Users/Matias/Desktop/Dropbox/
Universidad de Chile/project/ReportFinal - matias/linea_timerev/figuras/timerev
ersal/ev1/tr125.png (PNG copy)> <C:/Users/Matias/Desktop/Dropbox/Universidad de
 Chile/project/ReportFinal - matias/linea_timerev/figuras/timereversal/ev1/tr12
6.png (PNG copy)> <C:/Users/Matias/Desktop/Dropbox/Universidad de Chile/project
/ReportFinal - matias/linea_timerev/figuras/timereversal/ev1/tr127.png (PNG cop
y)> <C:/Users/Matias/Desktop/Dropbox/Universidad de Chile/project/ReportFinal -
 matias/linea_timerev/figuras/timereversal/ev1/tr128.png (PNG copy)> <C:/Users/
Matias/Desktop/Dropbox/Universidad de Chile/project/ReportFinal - matias/linea_
timerev/figuras/timereversal/ev1/tr129.png (PNG copy)> <C:/Users/Matias/Desktop
/Dropbox/Universidad de Chile/project/ReportFinal - matias/linea_timerev/figura
s/timereversal/ev1/tr130.png (PNG copy)> <C:/Users/Matias/Desktop/Dropbox/Unive
rsidad de Chile/project/ReportFinal - matias/linea_timerev/figuras/timereversal
/ev1/tr131.png (PNG copy)> <C:/Users/Matias/Desktop/Dropbox/Universidad de Chil
e/project/ReportFinal - matias/linea_timerev/figuras/timereversal/ev1/tr132.png
 (PNG copy)> <C:/Users/Matias/Desktop/Dropbox/Universidad de Chile/project/Repo
rtFinal - matias/linea_timerev/figuras/timereversal/ev1/tr133.png (PNG copy)> <
C:/Users/Matias/Desktop/Dropbox/Universidad de Chile/project/ReportFinal - mati
as/linea_timerev/figuras/timereversal/ev1/tr134.png (PNG copy)> <C:/Users/Matia
s/Desktop/Dropbox/Universidad de Chile/project/ReportFinal - matias/linea_timer
ev/figuras/timereversal/ev1/tr135.png (PNG copy)> <C:/Users/Matias/Desktop/Drop
box/Universidad de Chile/project/ReportFinal - matias/linea_timerev/figuras/tim
ereversal/ev1/tr136.png (PNG copy)> <C:/Users/Matias/Desktop/Dropbox/Universida
d de Chile/project/ReportFinal - matias/linea_timerev/figuras/timereversal/ev1/
tr137.png (PNG copy)> <C:/Users/Matias/Desktop/Dropbox/Universidad de Chile/pro
ject/ReportFinal - matias/linea_timerev/figuras/timereversal/ev1/tr138.png (PNG
 copy)>]
<linea_timerev/figuras/timereversal/ev3/tr324.png, id=1104, 578.16pt x 433.62pt
>
File: linea_timerev/figuras/timereversal/ev3/tr324.png Graphic file (type png)
 <use linea_timerev/figuras/timereversal/ev3/tr324.png>
<linea_timerev/figuras/timereversal/ev3/tr325.png, id=1105, 578.16pt x 433.62pt
>
File: linea_timerev/figuras/timereversal/ev3/tr325.png Graphic file (type png)
 <use linea_timerev/figuras/timereversal/ev3/tr325.png>
<linea_timerev/figuras/timereversal/ev3/tr326.png, id=1106, 578.16pt x 433.62pt
>
File: linea_timerev/figuras/timereversal/ev3/tr326.png Graphic file (type png)
 <use linea_timerev/figuras/timereversal/ev3/tr326.png>
<linea_timerev/figuras/timereversal/ev3/tr327.png, id=1107, 578.16pt x 433.62pt
>
File: linea_timerev/figuras/timereversal/ev3/tr327.png Graphic file (type png)
 <use linea_timerev/figuras/timereversal/ev3/tr327.png>
<linea_timerev/figuras/timereversal/ev3/tr328.png, id=1108, 578.16pt x 433.62pt
>
File: linea_timerev/figuras/timereversal/ev3/tr328.png Graphic file (type png)
 <use linea_timerev/figuras/timereversal/ev3/tr328.png>
<linea_timerev/figuras/timereversal/ev3/tr329.png, id=1109, 578.16pt x 433.62pt
>
File: linea_timerev/figuras/timereversal/ev3/tr329.png Graphic file (type png)
 <use linea_timerev/figuras/timereversal/ev3/tr329.png>
<linea_timerev/figuras/timereversal/ev3/tr330.png, id=1110, 578.16pt x 433.62pt
>
File: linea_timerev/figuras/timereversal/ev3/tr330.png Graphic file (type png)
 <use linea_timerev/figuras/timereversal/ev3/tr330.png>
<linea_timerev/figuras/timereversal/ev3/tr331.png, id=1111, 578.16pt x 433.62pt
>
File: linea_timerev/figuras/timereversal/ev3/tr331.png Graphic file (type png)
 <use linea_timerev/figuras/timereversal/ev3/tr331.png>
<linea_timerev/figuras/timereversal/ev3/tr332.png, id=1112, 578.16pt x 433.62pt
>
File: linea_timerev/figuras/timereversal/ev3/tr332.png Graphic file (type png)
 <use linea_timerev/figuras/timereversal/ev3/tr332.png>
<linea_timerev/figuras/timereversal/ev3/tr333.png, id=1113, 578.16pt x 433.62pt
>
File: linea_timerev/figuras/timereversal/ev3/tr333.png Graphic file (type png)
 <use linea_timerev/figuras/timereversal/ev3/tr333.png>
<linea_timerev/figuras/timereversal/ev3/tr334.png, id=1114, 578.16pt x 433.62pt
>
File: linea_timerev/figuras/timereversal/ev3/tr334.png Graphic file (type png)
 <use linea_timerev/figuras/timereversal/ev3/tr334.png>
<linea_timerev/figuras/timereversal/ev3/tr335.png, id=1115, 578.16pt x 433.62pt
>
File: linea_timerev/figuras/timereversal/ev3/tr335.png Graphic file (type png)
 <use linea_timerev/figuras/timereversal/ev3/tr335.png>
<linea_timerev/figuras/timereversal/ev3/tr336.png, id=1116, 578.16pt x 433.62pt
>
File: linea_timerev/figuras/timereversal/ev3/tr336.png Graphic file (type png)
 <use linea_timerev/figuras/timereversal/ev3/tr336.png>
<linea_timerev/figuras/timereversal/ev3/tr337.png, id=1117, 578.16pt x 433.62pt
>
File: linea_timerev/figuras/timereversal/ev3/tr337.png Graphic file (type png)
 <use linea_timerev/figuras/timereversal/ev3/tr337.png>
<linea_timerev/figuras/timereversal/ev3/tr338.png, id=1118, 578.16pt x 433.62pt
>
File: linea_timerev/figuras/timereversal/ev3/tr338.png Graphic file (type png)
 <use linea_timerev/figuras/timereversal/ev3/tr338.png> [47 <C:/Users/Matias/De
sktop/Dropbox/Universidad de Chile/project/ReportFinal - matias/linea_timerev/f
iguras/timereversal/ev2/tr224.png (PNG copy)> <C:/Users/Matias/Desktop/Dropbox/
Universidad de Chile/project/ReportFinal - matias/linea_timerev/figuras/timerev
ersal/ev2/tr225.png (PNG copy)> <C:/Users/Matias/Desktop/Dropbox/Universidad de
 Chile/project/ReportFinal - matias/linea_timerev/figuras/timereversal/ev2/tr22
6.png (PNG copy)> <C:/Users/Matias/Desktop/Dropbox/Universidad de Chile/project
/ReportFinal - matias/linea_timerev/figuras/timereversal/ev2/tr227.png (PNG cop
y)> <C:/Users/Matias/Desktop/Dropbox/Universidad de Chile/project/ReportFinal -
 matias/linea_timerev/figuras/timereversal/ev2/tr228.png (PNG copy)> <C:/Users/
Matias/Desktop/Dropbox/Universidad de Chile/project/ReportFinal - matias/linea_
timerev/figuras/timereversal/ev2/tr229.png (PNG copy)> <C:/Users/Matias/Desktop
/Dropbox/Universidad de Chile/project/ReportFinal - matias/linea_timerev/figura
s/timereversal/ev2/tr230.png (PNG copy)> <C:/Users/Matias/Desktop/Dropbox/Unive
rsidad de Chile/project/ReportFinal - matias/linea_timerev/figuras/timereversal
/ev2/tr231.png (PNG copy)> <C:/Users/Matias/Desktop/Dropbox/Universidad de Chil
e/project/ReportFinal - matias/linea_timerev/figuras/timereversal/ev2/tr232.png
 (PNG copy)> <C:/Users/Matias/Desktop/Dropbox/Universidad de Chile/project/Repo
rtFinal - matias/linea_timerev/figuras/timereversal/ev2/tr233.png (PNG copy)> <
C:/Users/Matias/Desktop/Dropbox/Universidad de Chile/project/ReportFinal - mati
as/linea_timerev/figuras/timereversal/ev2/tr234.png (PNG copy)> <C:/Users/Matia
s/Desktop/Dropbox/Universidad de Chile/project/ReportFinal - matias/linea_timer
ev/figuras/timereversal/ev2/tr235.png (PNG copy)> <C:/Users/Matias/Desktop/Drop
box/Universidad de Chile/project/ReportFinal - matias/linea_timerev/figuras/tim
ereversal/ev2/tr236.png (PNG copy)> <C:/Users/Matias/Desktop/Dropbox/Universida
d de Chile/project/ReportFinal - matias/linea_timerev/figuras/timereversal/ev2/
tr237.png (PNG copy)> <C:/Users/Matias/Desktop/Dropbox/Universidad de Chile/pro
ject/ReportFinal - matias/linea_timerev/figuras/timereversal/ev2/tr238.png (PNG
 copy)>] [48 <C:/Users/Matias/Desktop/Dropbox/Universidad de Chile/project/Repo
rtFinal - matias/linea_timerev/figuras/timereversal/ev3/tr324.png (PNG copy)> <
C:/Users/Matias/Desktop/Dropbox/Universidad de Chile/project/ReportFinal - mati
as/linea_timerev/figuras/timereversal/ev3/tr325.png (PNG copy)> <C:/Users/Matia
s/Desktop/Dropbox/Universidad de Chile/project/ReportFinal - matias/linea_timer
ev/figuras/timereversal/ev3/tr326.png (PNG copy)> <C:/Users/Matias/Desktop/Drop
box/Universidad de Chile/project/ReportFinal - matias/linea_timerev/figuras/tim
ereversal/ev3/tr327.png (PNG copy)> <C:/Users/Matias/Desktop/Dropbox/Universida
d de Chile/project/ReportFinal - matias/linea_timerev/figuras/timereversal/ev3/
tr328.png (PNG copy)> <C:/Users/Matias/Desktop/Dropbox/Universidad de Chile/pro
ject/ReportFinal - matias/linea_timerev/figuras/timereversal/ev3/tr329.png (PNG
 copy)> <C:/Users/Matias/Desktop/Dropbox/Universidad de Chile/project/ReportFin
al - matias/linea_timerev/figuras/timereversal/ev3/tr330.png (PNG copy)> <C:/Us
ers/Matias/Desktop/Dropbox/Universidad de Chile/project/ReportFinal - matias/li
nea_timerev/figuras/timereversal/ev3/tr331.png (PNG copy)> <C:/Users/Matias/Des
ktop/Dropbox/Universidad de Chile/project/ReportFinal - matias/linea_timerev/fi
guras/timereversal/ev3/tr332.png (PNG copy)> <C:/Users/Matias/Desktop/Dropbox/U
niversidad de Chile/project/ReportFinal - matias/linea_timerev/figuras/timereve
rsal/ev3/tr333.png (PNG copy)> <C:/Users/Matias/Desktop/Dropbox/Universidad de 
Chile/project/ReportFinal - matias/linea_timerev/figuras/timereversal/ev3/tr334
.png (PNG copy)> <C:/Users/Matias/Desktop/Dropbox/Universidad de Chile/project/
ReportFinal - matias/linea_timerev/figuras/timereversal/ev3/tr335.png (PNG copy
)> <C:/Users/Matias/Desktop/Dropbox/Universidad de Chile/project/ReportFinal - 
matias/linea_timerev/figuras/timereversal/ev3/tr336.png (PNG copy)> <C:/Users/M
atias/Desktop/Dropbox/Universidad de Chile/project/ReportFinal - matias/linea_t
imerev/figuras/timereversal/ev3/tr337.png (PNG copy)> <C:/Users/Matias/Desktop/
Dropbox/Universidad de Chile/project/ReportFinal - matias/linea_timerev/figuras
/timereversal/ev3/tr338.png (PNG copy)>] [49]
LaTeX Font Info:    Try loading font information for U+bbm on input line 701.

("C:\Program Files (x86)\utilities\MiKTeX 2.9\tex\latex\bbm\ubbm.fd"
File: ubbm.fd 1999/03/15 V 1.2 Font definition for bbm font - TH
) [50]
[51] [52] [53] [54] [55] [56] [57]
<linea_timerev/figuras/folders.pdf, id=1219, 868.04298pt x 448.07399pt>
File: linea_timerev/figuras/folders.pdf Graphic file (type pdf)

<use linea_timerev/figuras/folders.pdf> [58 <C:/Users/Matias/Desktop/Dropbox/Un
iversidad de Chile/project/ReportFinal - matias/linea_timerev/figuras/folders.p
df>]) [59]
("C:\Users\Matias\Desktop\Dropbox\Universidad de Chile\project\ReportFinal - ma
tias\linea_sismica\capitulo.tex"
Cap\'{\i }tulo 5.
) [60



]
("C:\Users\Matias\Desktop\Dropbox\Universidad de Chile\project\ReportFinal - ma
tias\linea_dem\capitulo.tex"
Cap\'{\i }tulo 6.
) [61



]
("C:\Users\Matias\Desktop\Dropbox\Universidad de Chile\project\ReportFinal - ma
tias\linea_cme3d\capitulo.tex"
Cap\'{\i }tulo 7.
) [62



]
("C:\Users\Matias\Desktop\Dropbox\Universidad de Chile\project\ReportFinal - ma
tias\referencias\refproyecto.tex"
Cap\'{\i }tulo 8.
) [63



]
Package atveryend Info: Empty hook `BeforeClearDocument' on input line 125.
Package atveryend Info: Empty hook `AfterLastShipout' on input line 125.

("C:\Users\Matias\Desktop\Dropbox\Universidad de Chile\project\ReportFinal - ma
tias\mmgeo_tmp.aux"
("C:\Users\Matias\Desktop\Dropbox\Universidad de Chile\project\ReportFinal - ma
tias\portada\laportada.aux")
("C:\Users\Matias\Desktop\Dropbox\Universidad de Chile\project\ReportFinal - ma
tias\ejecutivo.aux")
("C:\Users\Matias\Desktop\Dropbox\Universidad de Chile\project\ReportFinal - ma
tias\linea_fem1\capitulo.aux")
("C:\Users\Matias\Desktop\Dropbox\Universidad de Chile\project\ReportFinal - ma
tias\linea_fem2\capitulo.aux")
("C:\Users\Matias\Desktop\Dropbox\Universidad de Chile\project\ReportFinal - ma
tias\linea_timerev\capitulo.aux")
("C:\Users\Matias\Desktop\Dropbox\Universidad de Chile\project\ReportFinal - ma
tias\linea_sismica\capitulo.aux")
("C:\Users\Matias\Desktop\Dropbox\Universidad de Chile\project\ReportFinal - ma
tias\linea_dem\capitulo.aux")
("C:\Users\Matias\Desktop\Dropbox\Universidad de Chile\project\ReportFinal - ma
tias\linea_cme3d\capitulo.aux")
("C:\Users\Matias\Desktop\Dropbox\Universidad de Chile\project\ReportFinal - ma
tias\referencias\refproyecto.aux"))
Package atveryend Info: Executing hook `AtVeryEndDocument' on input line 125.
Package rerunfilecheck Info: File `mmgeo_tmp.out' has not changed.
(rerunfilecheck)             Checksum: E05E6D8B4CB9A020F5EF17E6A8B9EAC3;5913.


LaTeX Font Warning: Some font shapes were not available, defaults substituted.

 ) 
Here is how much of TeX's memory you used:
 10882 strings out of 494053
 187113 string characters out of 3142152
 251943 words of memory out of 3000000
 13484 multiletter control sequences out of 15000+200000
 15101 words of font info for 60 fonts, out of 3000000 for 9000
 715 hyphenation exceptions out of 8191
 41i,12n,42p,630b,694s stack positions out of 5000i,500n,10000p,200000b,50000s
 <C:\Users\Matias\AppData\Local\MiKTeX\2.9\fonts\pk\ljfour\public\bbm\dpi657\
bbm10.pk><C:/Program Files (x86)/utilities/MiKTeX 2.9/fonts/type1/public/amsfon
ts/cm/cmbx10.pfb><C:/Program Files (x86)/utilities/MiKTeX 2.9/fonts/type1/publi
c/amsfonts/cm/cmex10.pfb><C:/Program Files (x86)/utilities/MiKTeX 2.9/fonts/typ
e1/public/amsfonts/cm/cmmi10.pfb><C:/Program Files (x86)/utilities/MiKTeX 2.9/f
onts/type1/public/amsfonts/cm/cmmi6.pfb><C:/Program Files (x86)/utilities/MiKTe
X 2.9/fonts/type1/public/amsfonts/cm/cmmi8.pfb><C:/Program Files (x86)/utilitie
s/MiKTeX 2.9/fonts/type1/public/amsfonts/cm/cmr10.pfb><C:/Program Files (x86)/u
tilities/MiKTeX 2.9/fonts/type1/public/amsfonts/cm/cmr6.pfb><C:/Program Files (
x86)/utilities/MiKTeX 2.9/fonts/type1/public/amsfonts/cm/cmr8.pfb><C:/Program F
iles (x86)/utilities/MiKTeX 2.9/fonts/type1/public/amsfonts/cm/cmss10.pfb><C:/P
rogram Files (x86)/utilities/MiKTeX 2.9/fonts/type1/public/amsfonts/cm/cmss12.p
fb><C:/Program Files (x86)/utilities/MiKTeX 2.9/fonts/type1/public/amsfonts/cm/
cmss17.pfb><C:/Program Files (x86)/utilities/MiKTeX 2.9/fonts/type1/public/amsf
onts/cm/cmss9.pfb><C:/Program Files (x86)/utilities/MiKTeX 2.9/fonts/type1/publ
ic/amsfonts/cm/cmssbx10.pfb><C:/Program Files (x86)/utilities/MiKTeX 2.9/fonts/
type1/public/amsfonts/cm/cmssi10.pfb><C:/Program Files (x86)/utilities/MiKTeX 2
.9/fonts/type1/public/amsfonts/cm/cmsy10.pfb><C:/Program Files (x86)/utilities/
MiKTeX 2.9/fonts/type1/public/amsfonts/cm/cmsy8.pfb><C:/Program Files (x86)/uti
lities/MiKTeX 2.9/fonts/type1/public/amsfonts/cm/cmtt10.pfb><C:/Program Files (
x86)/utilities/MiKTeX 2.9/fonts/type1/public/amsfonts/symbols/msbm10.pfb>
Output written on mmgeo_tmp.pdf (68 pages, 2537293 bytes).
PDF statistics:
 1398 PDF objects out of 1440 (max. 8388607)
 272 named destinations out of 1000 (max. 500000)
 1239 words of extra memory for PDF output out of 10000 (max. 10000000)

